/home/kmbandillo/baybayin_project/baybayin_dataset/baybayin_namin/bn_phrase/baybayin_namin_phrase_0031.tif: 
/home/kmbandillo/baybayin_project/baybayin_dataset/baybayin_namin/bn_phrase/baybayin_namin_phrase_0187.tif: 
/home/kmbandillo/baybayin_project/baybayin_dataset/baybayin_namin/bn_phrase/baybayin_namin_phrase_0584.tif: 
/home/kmbandillo/baybayin_project/baybayin_dataset/baybayin_namin/bn_phrase/baybayin_namin_phrase_0954.tif: 
/home/kmbandillo/baybayin_project/baybayin_dataset/handwritten/char_unbundled/e_i/e_i_0497.tif: 
/home/kmbandillo/baybayin_project/baybayin_dataset/handwritten/char_unbundled/nge_ngi_grouped/nge_ngi_grouped_0947.tif: 
/home/kmbandillo/baybayin_project/baybayin_dataset/handwritten/char_unbundled/pa/pa_0341.tif: 
/home/kmbandillo/baybayin_project/baybayin_dataset/handwritten/char_unbundled/pa/pa_0370.tif: 
/home/kmbandillo/baybayin_project/baybayin_dataset/handwritten/hw_words/evaluation/872 Pilit.tif: 
/home/kmbandillo/baybayin_project/baybayin_dataset/handwritten/hw_words/evaluation/875 Minahal.tif: 
/home/kmbandillo/baybayin_project/baybayin_dataset/handwritten/hw_words/evaluation/885 Guhit.tif: 
/home/kmbandillo/baybayin_project/baybayin_dataset/handwritten/hw_words/evaluation/892 Panganay.tif: 
/home/kmbandillo/baybayin_project/baybayin_dataset/handwritten/hw_words/evaluation/898 Hiwalay.tif: 
/home/kmbandillo/baybayin_project/baybayin_dataset/handwritten/hw_words/evaluation/957 Topak.tif: 
/home/kmbandillo/baybayin_project/baybayin_dataset/handwritten/hw_words/training/hw_words_0020.tif: 
/home/kmbandillo/baybayin_project/baybayin_dataset/handwritten/hw_words/training/hw_words_0025.tif: 
/home/kmbandillo/baybayin_project/baybayin_dataset/handwritten/hw_words/training/hw_words_0030.tif: 
/home/kmbandillo/baybayin_project/baybayin_dataset/handwritten/hw_words/training/hw_words_0036.tif: 
/home/kmbandillo/baybayin_project/baybayin_dataset/handwritten/hw_words/training/hw_words_0038.tif: 
/home/kmbandillo/baybayin_project/baybayin_dataset/handwritten/hw_words/training/hw_words_0052.tif: 
/home/kmbandillo/baybayin_project/baybayin_dataset/handwritten/hw_words/training/hw_words_0053.tif: 
/home/kmbandillo/baybayin_project/baybayin_dataset/handwritten/hw_words/training/hw_words_0060.tif: 
/home/kmbandillo/baybayin_project/baybayin_dataset/handwritten/hw_words/training/hw_words_0063.tif: 
/home/kmbandillo/baybayin_project/baybayin_dataset/handwritten/hw_words/training/hw_words_0066.tif: 
/home/kmbandillo/baybayin_project/baybayin_dataset/handwritten/hw_words/training/hw_words_0074.tif: 
/home/kmbandillo/baybayin_project/baybayin_dataset/handwritten/hw_words/training/hw_words_0078.tif: 
/home/kmbandillo/baybayin_project/baybayin_dataset/handwritten/hw_words/training/hw_words_0082.tif: 
/home/kmbandillo/baybayin_project/baybayin_dataset/handwritten/hw_words/training/hw_words_0086.tif: 
/home/kmbandillo/baybayin_project/baybayin_dataset/handwritten/hw_words/training/hw_words_0089.tif: 
/home/kmbandillo/baybayin_project/baybayin_dataset/handwritten/hw_words/training/hw_words_0090.tif: 
/home/kmbandillo/baybayin_project/baybayin_dataset/handwritten/hw_words/training/hw_words_0093.tif: 
/home/kmbandillo/baybayin_project/baybayin_dataset/handwritten/hw_words/training/hw_words_0096.tif: 
/home/kmbandillo/baybayin_project/baybayin_dataset/handwritten/hw_words/training/hw_words_0098.tif: 
/home/kmbandillo/baybayin_project/baybayin_dataset/handwritten/hw_words/training/hw_words_0099.tif: 
/home/kmbandillo/baybayin_project/baybayin_dataset/handwritten/hw_words/training/hw_words_0100.tif: 
/home/kmbandillo/baybayin_project/baybayin_dataset/handwritten/hw_words/training/hw_words_0101.tif: 
/home/kmbandillo/baybayin_project/baybayin_dataset/handwritten/hw_words/training/hw_words_0102.tif: 
/home/kmbandillo/baybayin_project/baybayin_dataset/handwritten/hw_words/training/hw_words_0110.tif: 
/home/kmbandillo/baybayin_project/baybayin_dataset/handwritten/hw_words/training/hw_words_0112.tif: 
/home/kmbandillo/baybayin_project/baybayin_dataset/handwritten/hw_words/training/hw_words_0118.tif: 
/home/kmbandillo/baybayin_project/baybayin_dataset/handwritten/hw_words/training/hw_words_0120.tif: 
/home/kmbandillo/baybayin_project/baybayin_dataset/handwritten/hw_words/training/hw_words_0121.tif: 
/home/kmbandillo/baybayin_project/baybayin_dataset/handwritten/hw_words/training/hw_words_0122.tif: 
/home/kmbandillo/baybayin_project/baybayin_dataset/handwritten/hw_words/training/hw_words_0123.tif: 
/home/kmbandillo/baybayin_project/baybayin_dataset/handwritten/hw_words/training/hw_words_0127.tif: 
/home/kmbandillo/baybayin_project/baybayin_dataset/handwritten/hw_words/training/hw_words_0130.tif: 
/home/kmbandillo/baybayin_project/baybayin_dataset/handwritten/hw_words/training/hw_words_0132.tif: 
/home/kmbandillo/baybayin_project/baybayin_dataset/handwritten/hw_words/training/hw_words_0134.tif: 
/home/kmbandillo/baybayin_project/baybayin_dataset/handwritten/hw_words/training/hw_words_0138.tif: 
/home/kmbandillo/baybayin_project/baybayin_dataset/handwritten/hw_words/training/hw_words_0142.tif: 
/home/kmbandillo/baybayin_project/baybayin_dataset/handwritten/hw_words/training/hw_words_0144.tif: 
/home/kmbandillo/baybayin_project/baybayin_dataset/handwritten/hw_words/training/hw_words_0148.tif: 
/home/kmbandillo/baybayin_project/baybayin_dataset/handwritten/hw_words/training/hw_words_0149.tif: 
/home/kmbandillo/baybayin_project/baybayin_dataset/handwritten/hw_words/training/hw_words_0150.tif: 
/home/kmbandillo/baybayin_project/baybayin_dataset/handwritten/hw_words/training/hw_words_0152.tif: 
/home/kmbandillo/baybayin_project/baybayin_dataset/handwritten/hw_words/training/hw_words_0158.tif: 
/home/kmbandillo/baybayin_project/baybayin_dataset/handwritten/hw_words/training/hw_words_0163.tif: 
/home/kmbandillo/baybayin_project/baybayin_dataset/handwritten/hw_words/training/hw_words_0164.tif: 
/home/kmbandillo/baybayin_project/baybayin_dataset/handwritten/hw_words/training/hw_words_0165.tif: 
/home/kmbandillo/baybayin_project/baybayin_dataset/handwritten/hw_words/training/hw_words_0168.tif: 
/home/kmbandillo/baybayin_project/baybayin_dataset/handwritten/hw_words/training/hw_words_0169.tif: 
/home/kmbandillo/baybayin_project/baybayin_dataset/handwritten/hw_words/training/hw_words_0171.tif: 
/home/kmbandillo/baybayin_project/baybayin_dataset/handwritten/hw_words/training/hw_words_0183.tif: 
/home/kmbandillo/baybayin_project/baybayin_dataset/handwritten/hw_words/training/hw_words_0185.tif: 
/home/kmbandillo/baybayin_project/baybayin_dataset/handwritten/hw_words/training/hw_words_0188.tif: 
/home/kmbandillo/baybayin_project/baybayin_dataset/handwritten/hw_words/training/hw_words_0189.tif: 
/home/kmbandillo/baybayin_project/baybayin_dataset/handwritten/hw_words/training/hw_words_0191.tif: 
/home/kmbandillo/baybayin_project/baybayin_dataset/handwritten/hw_words/training/hw_words_0195.tif: 
/home/kmbandillo/baybayin_project/baybayin_dataset/handwritten/hw_words/training/hw_words_0209.tif: 
/home/kmbandillo/baybayin_project/baybayin_dataset/handwritten/hw_words/training/hw_words_0211.tif: 
/home/kmbandillo/baybayin_project/baybayin_dataset/handwritten/hw_words/training/hw_words_0220.tif: 
/home/kmbandillo/baybayin_project/baybayin_dataset/handwritten/hw_words/training/hw_words_0222.tif: 
/home/kmbandillo/baybayin_project/baybayin_dataset/handwritten/hw_words/training/hw_words_0226.tif: 
/home/kmbandillo/baybayin_project/baybayin_dataset/handwritten/hw_words/training/hw_words_0227.tif: 
/home/kmbandillo/baybayin_project/baybayin_dataset/handwritten/hw_words/training/hw_words_0232.tif: 
/home/kmbandillo/baybayin_project/baybayin_dataset/handwritten/hw_words/training/hw_words_0237.tif: 
/home/kmbandillo/baybayin_project/baybayin_dataset/handwritten/hw_words/training/hw_words_0245.tif: 
/home/kmbandillo/baybayin_project/baybayin_dataset/handwritten/hw_words/training/hw_words_0246.tif: 
/home/kmbandillo/baybayin_project/baybayin_dataset/handwritten/hw_words/training/hw_words_0248.tif: 
/home/kmbandillo/baybayin_project/baybayin_dataset/handwritten/hw_words/training/hw_words_0253.tif: 
/home/kmbandillo/baybayin_project/baybayin_dataset/handwritten/hw_words/training/hw_words_0255.tif: 
/home/kmbandillo/baybayin_project/baybayin_dataset/handwritten/hw_words/training/hw_words_0258.tif: 
/home/kmbandillo/baybayin_project/baybayin_dataset/handwritten/hw_words/training/hw_words_0269.tif: 
/home/kmbandillo/baybayin_project/baybayin_dataset/handwritten/hw_words/training/hw_words_0272.tif: 
/home/kmbandillo/baybayin_project/baybayin_dataset/handwritten/hw_words/training/hw_words_0276.tif: 
/home/kmbandillo/baybayin_project/baybayin_dataset/handwritten/hw_words/training/hw_words_0277.tif: 
/home/kmbandillo/baybayin_project/baybayin_dataset/handwritten/hw_words/training/hw_words_0288.tif: 
/home/kmbandillo/baybayin_project/baybayin_dataset/handwritten/hw_words/training/hw_words_0289.tif: 
/home/kmbandillo/baybayin_project/baybayin_dataset/handwritten/hw_words/training/hw_words_0292.tif: 
/home/kmbandillo/baybayin_project/baybayin_dataset/handwritten/hw_words/training/hw_words_0296.tif: 
/home/kmbandillo/baybayin_project/baybayin_dataset/handwritten/hw_words/training/hw_words_0298.tif: 
/home/kmbandillo/baybayin_project/baybayin_dataset/handwritten/hw_words/training/hw_words_0300.tif: 
/home/kmbandillo/baybayin_project/baybayin_dataset/handwritten/hw_words/training/hw_words_0302.tif: 
/home/kmbandillo/baybayin_project/baybayin_dataset/handwritten/hw_words/training/hw_words_0307.tif: 
/home/kmbandillo/baybayin_project/baybayin_dataset/handwritten/hw_words/training/hw_words_0315.tif: 
/home/kmbandillo/baybayin_project/baybayin_dataset/handwritten/hw_words/training/hw_words_0316.tif: 
/home/kmbandillo/baybayin_project/baybayin_dataset/handwritten/hw_words/training/hw_words_0335.tif: 
/home/kmbandillo/baybayin_project/baybayin_dataset/handwritten/hw_words/training/hw_words_0339.tif: 
/home/kmbandillo/baybayin_project/baybayin_dataset/handwritten/hw_words/training/hw_words_0341.tif: 
/home/kmbandillo/baybayin_project/baybayin_dataset/handwritten/hw_words/training/hw_words_0348.tif: 
/home/kmbandillo/baybayin_project/baybayin_dataset/handwritten/hw_words/training/hw_words_0349.tif: 
/home/kmbandillo/baybayin_project/baybayin_dataset/handwritten/hw_words/training/hw_words_0350.tif: 
/home/kmbandillo/baybayin_project/baybayin_dataset/handwritten/hw_words/training/hw_words_0360.tif: 
/home/kmbandillo/baybayin_project/baybayin_dataset/handwritten/hw_words/training/hw_words_0361.tif: 
/home/kmbandillo/baybayin_project/baybayin_dataset/handwritten/hw_words/training/hw_words_0367.tif: 
/home/kmbandillo/baybayin_project/baybayin_dataset/handwritten/hw_words/training/hw_words_0392.tif: 
/home/kmbandillo/baybayin_project/baybayin_dataset/handwritten/hw_words/training/hw_words_0393.tif: 
/home/kmbandillo/baybayin_project/baybayin_dataset/handwritten/hw_words/training/hw_words_0395.tif: 
/home/kmbandillo/baybayin_project/baybayin_dataset/handwritten/hw_words/training/hw_words_0397.tif: 
/home/kmbandillo/baybayin_project/baybayin_dataset/handwritten/hw_words/training/hw_words_0398.tif: 
/home/kmbandillo/baybayin_project/baybayin_dataset/handwritten/hw_words/training/hw_words_0401.tif: 
/home/kmbandillo/baybayin_project/baybayin_dataset/handwritten/hw_words/training/hw_words_0403.tif: 
/home/kmbandillo/baybayin_project/baybayin_dataset/handwritten/hw_words/training/hw_words_0405.tif: 
/home/kmbandillo/baybayin_project/baybayin_dataset/handwritten/hw_words/training/hw_words_0406.tif: 
/home/kmbandillo/baybayin_project/baybayin_dataset/handwritten/hw_words/training/hw_words_0407.tif: 
/home/kmbandillo/baybayin_project/baybayin_dataset/handwritten/hw_words/training/hw_words_0425.tif: 
/home/kmbandillo/baybayin_project/baybayin_dataset/handwritten/hw_words/training/hw_words_0427.tif: 
/home/kmbandillo/baybayin_project/baybayin_dataset/handwritten/hw_words/training/hw_words_0430.tif: 
/home/kmbandillo/baybayin_project/baybayin_dataset/handwritten/hw_words/training/hw_words_0432.tif: 
/home/kmbandillo/baybayin_project/baybayin_dataset/handwritten/hw_words/training/hw_words_0436.tif: 
/home/kmbandillo/baybayin_project/baybayin_dataset/handwritten/hw_words/training/hw_words_0454.tif: 
/home/kmbandillo/baybayin_project/baybayin_dataset/handwritten/hw_words/training/hw_words_0461.tif: 
/home/kmbandillo/baybayin_project/baybayin_dataset/handwritten/hw_words/training/hw_words_0468.tif: 
/home/kmbandillo/baybayin_project/baybayin_dataset/handwritten/hw_words/training/hw_words_0474.tif: 
/home/kmbandillo/baybayin_project/baybayin_dataset/handwritten/hw_words/training/hw_words_0475.tif: 
/home/kmbandillo/baybayin_project/baybayin_dataset/handwritten/hw_words/training/hw_words_0483.tif: 
/home/kmbandillo/baybayin_project/baybayin_dataset/handwritten/hw_words/training/hw_words_0502.tif: 
/home/kmbandillo/baybayin_project/baybayin_dataset/handwritten/hw_words/training/hw_words_0504.tif: 
/home/kmbandillo/baybayin_project/baybayin_dataset/handwritten/hw_words/training/hw_words_0509.tif: 
/home/kmbandillo/baybayin_project/baybayin_dataset/handwritten/hw_words/training/hw_words_0513.tif: 
/home/kmbandillo/baybayin_project/baybayin_dataset/handwritten/hw_words/training/hw_words_0517.tif: 
/home/kmbandillo/baybayin_project/baybayin_dataset/handwritten/hw_words/training/hw_words_0521.tif: 
/home/kmbandillo/baybayin_project/baybayin_dataset/handwritten/hw_words/training/hw_words_0528.tif: 
/home/kmbandillo/baybayin_project/baybayin_dataset/handwritten/hw_words/training/hw_words_0529.tif: 
/home/kmbandillo/baybayin_project/baybayin_dataset/handwritten/hw_words/training/hw_words_0535.tif: 
/home/kmbandillo/baybayin_project/baybayin_dataset/handwritten/hw_words/training/hw_words_0537.tif: 
/home/kmbandillo/baybayin_project/baybayin_dataset/handwritten/hw_words/training/hw_words_0538.tif: 
/home/kmbandillo/baybayin_project/baybayin_dataset/handwritten/hw_words/training/hw_words_0546.tif: 
/home/kmbandillo/baybayin_project/baybayin_dataset/handwritten/hw_words/training/hw_words_0547.tif: 
/home/kmbandillo/baybayin_project/baybayin_dataset/handwritten/hw_words/training/hw_words_0556.tif: 
/home/kmbandillo/baybayin_project/baybayin_dataset/handwritten/hw_words/training/hw_words_0558.tif: 
/home/kmbandillo/baybayin_project/baybayin_dataset/handwritten/hw_words/training/hw_words_0560.tif: 
/home/kmbandillo/baybayin_project/baybayin_dataset/handwritten/hw_words/training/hw_words_0577.tif: 
/home/kmbandillo/baybayin_project/baybayin_dataset/handwritten/hw_words/training/hw_words_0583.tif: 
/home/kmbandillo/baybayin_project/baybayin_dataset/handwritten/hw_words/training/hw_words_0584.tif: 
/home/kmbandillo/baybayin_project/baybayin_dataset/handwritten/hw_words/training/hw_words_0588.tif: 
/home/kmbandillo/baybayin_project/baybayin_dataset/handwritten/hw_words/training/hw_words_0591.tif: 
/home/kmbandillo/baybayin_project/baybayin_dataset/handwritten/hw_words/training/hw_words_0607.tif: 
/home/kmbandillo/baybayin_project/baybayin_dataset/handwritten/hw_words/training/hw_words_0610.tif: 
/home/kmbandillo/baybayin_project/baybayin_dataset/handwritten/hw_words/training/hw_words_0611.tif: 
/home/kmbandillo/baybayin_project/baybayin_dataset/handwritten/hw_words/training/hw_words_0618.tif: 
/home/kmbandillo/baybayin_project/baybayin_dataset/handwritten/hw_words/training/hw_words_0632.tif: 
/home/kmbandillo/baybayin_project/baybayin_dataset/handwritten/hw_words/training/hw_words_0637.tif: 
/home/kmbandillo/baybayin_project/baybayin_dataset/handwritten/hw_words/training/hw_words_0642.tif: 
/home/kmbandillo/baybayin_project/baybayin_dataset/handwritten/hw_words/training/hw_words_0649.tif: 
/home/kmbandillo/baybayin_project/baybayin_dataset/handwritten/hw_words/training/hw_words_0651.tif: 
/home/kmbandillo/baybayin_project/baybayin_dataset/handwritten/hw_words/training/hw_words_0656.tif: 
/home/kmbandillo/baybayin_project/baybayin_dataset/handwritten/hw_words/training/hw_words_0658.tif: 
/home/kmbandillo/baybayin_project/baybayin_dataset/handwritten/hw_words/training/hw_words_0660.tif: 
/home/kmbandillo/baybayin_project/baybayin_dataset/handwritten/hw_words/training/hw_words_0669.tif: 
/home/kmbandillo/baybayin_project/baybayin_dataset/handwritten/hw_words/training/hw_words_0670.tif: 
/home/kmbandillo/baybayin_project/baybayin_dataset/handwritten/hw_words/training/hw_words_0671.tif: 
/home/kmbandillo/baybayin_project/baybayin_dataset/handwritten/hw_words/training/hw_words_0681.tif: 
/home/kmbandillo/baybayin_project/baybayin_dataset/handwritten/hw_words/training/hw_words_0690.tif: 
/home/kmbandillo/baybayin_project/baybayin_dataset/tagalog_stylized/ts_words/baybayin_namin_words-0013.tif: 
/home/kmbandillo/baybayin_project/baybayin_dataset/tagalog_stylized/ts_words/baybayin_namin_words-0022.tif: 
/home/kmbandillo/baybayin_project/baybayin_dataset/tagalog_stylized/ts_words/baybayin_namin_words-0051.tif: 
/home/kmbandillo/baybayin_project/baybayin_dataset/tagalog_stylized/ts_words/baybayin_namin_words-0062.tif: 
/home/kmbandillo/baybayin_project/baybayin_dataset/tagalog_stylized/ts_words/baybayin_namin_words-0072.tif: 
/home/kmbandillo/baybayin_project/baybayin_dataset/tagalog_stylized/ts_words/baybayin_namin_words-0099.tif: 
/home/kmbandillo/baybayin_project/baybayin_dataset/tagalog_stylized/ts_words/baybayin_namin_words-0108.tif: 
/home/kmbandillo/baybayin_project/baybayin_dataset/tagalog_stylized/ts_words/baybayin_namin_words-0114.tif: 
/home/kmbandillo/baybayin_project/baybayin_dataset/tagalog_stylized/ts_words/baybayin_namin_words-0123.tif: 
/home/kmbandillo/baybayin_project/baybayin_dataset/tagalog_stylized/ts_words/baybayin_namin_words-0151.tif: 
/home/kmbandillo/baybayin_project/baybayin_dataset/tagalog_stylized/ts_words/baybayin_namin_words-0161.tif: 
/home/kmbandillo/baybayin_project/baybayin_dataset/tagalog_stylized/ts_words/baybayin_namin_words-0170.tif: 
/home/kmbandillo/baybayin_project/baybayin_dataset/tagalog_stylized/ts_words/baybayin_namin_words-0210.tif: 
/home/kmbandillo/baybayin_project/baybayin_dataset/tagalog_stylized/ts_words/baybayin_namin_words-0214.tif: 
/home/kmbandillo/baybayin_project/baybayin_dataset/tagalog_stylized/ts_words/baybayin_namin_words-0232.tif: 
/home/kmbandillo/baybayin_project/baybayin_dataset/tagalog_stylized/ts_words/baybayin_namin_words-0250.tif: 
/home/kmbandillo/baybayin_project/baybayin_dataset/tagalog_stylized/ts_words/baybayin_namin_words-0256.tif: 
/home/kmbandillo/baybayin_project/baybayin_dataset/tagalog_stylized/ts_words/baybayin_namin_words-0274.tif: 
/home/kmbandillo/baybayin_project/baybayin_dataset/tagalog_stylized/ts_words/baybayin_namin_words-0280.tif: 
/home/kmbandillo/baybayin_project/baybayin_dataset/tagalog_stylized/ts_words/baybayin_namin_words-0294.tif: 
/home/kmbandillo/baybayin_project/baybayin_dataset/tagalog_stylized/ts_words/baybayin_namin_words-0306.tif: 
/home/kmbandillo/baybayin_project/baybayin_dataset/tagalog_stylized/ts_words/baybayin_namin_words-0308.tif: 
/home/kmbandillo/baybayin_project/baybayin_dataset/tagalog_stylized/ts_words/baybayin_namin_words-0315.tif: 
/home/kmbandillo/baybayin_project/baybayin_dataset/tagalog_stylized/ts_words/baybayin_namin_words-0353.tif: 
/home/kmbandillo/baybayin_project/baybayin_dataset/tagalog_stylized/ts_words/baybayin_namin_words-0396.tif: 
/home/kmbandillo/baybayin_project/baybayin_dataset/tagalog_stylized/ts_words/baybayin_namin_words-0434.tif: 
/home/kmbandillo/baybayin_project/baybayin_dataset/tagalog_stylized/ts_words/baybayin_namin_words-0471.tif: 
/home/kmbandillo/baybayin_project/baybayin_dataset/tagalog_stylized/ts_words/baybayin_namin_words-0479.tif: 
/home/kmbandillo/baybayin_project/baybayin_dataset/tagalog_stylized/ts_words/baybayin_namin_words-0497.tif: 
/home/kmbandillo/baybayin_project/baybayin_dataset/tagalog_stylized/ts_words/baybayin_namin_words-0528.tif: 
/home/kmbandillo/baybayin_project/baybayin_dataset/tagalog_stylized/ts_words/baybayin_namin_words-0531.tif: 
/home/kmbandillo/baybayin_project/baybayin_dataset/tagalog_stylized/ts_words/baybayin_namin_words-0534.tif: 
/home/kmbandillo/baybayin_project/baybayin_dataset/tagalog_stylized/ts_words/baybayin_namin_words-0564.tif: 
/home/kmbandillo/baybayin_project/baybayin_dataset/tagalog_stylized/ts_words/baybayin_namin_words-0570.tif: 
/home/kmbandillo/baybayin_project/baybayin_dataset/tagalog_stylized/ts_words/baybayin_namin_words-0579.tif: 
/home/kmbandillo/baybayin_project/baybayin_dataset/tagalog_stylized/ts_words/baybayin_namin_words-0591.tif: 
/home/kmbandillo/baybayin_project/baybayin_dataset/tagalog_stylized/ts_words/baybayin_namin_words-0608.tif: 
/home/kmbandillo/baybayin_project/baybayin_dataset/tagalog_stylized/ts_words/baybayin_namin_words-0623.tif: 
/home/kmbandillo/baybayin_project/baybayin_dataset/tagalog_stylized/ts_words/baybayin_namin_words-0656.tif: 
/home/kmbandillo/baybayin_project/baybayin_dataset/tagalog_stylized/ts_words/baybayin_namin_words-0666.tif: 
/home/kmbandillo/baybayin_project/baybayin_dataset/tagalog_stylized/ts_words/baybayin_namin_words-0669.tif: 
/home/kmbandillo/baybayin_project/baybayin_dataset/tagalog_stylized/ts_words/baybayin_namin_words-0695.tif: 
/home/kmbandillo/baybayin_project/baybayin_dataset/tagalog_stylized/ts_words/baybayin_namin_words-0704.tif: 
/home/kmbandillo/baybayin_project/baybayin_dataset/tagalog_stylized/ts_words/baybayin_namin_words-0729.tif: 
/home/kmbandillo/baybayin_project/baybayin_dataset/tagalog_stylized/ts_words/baybayin_namin_words-0789.tif: 
/home/kmbandillo/baybayin_project/baybayin_dataset/tagalog_stylized/ts_words/baybayin_namin_words-0845.tif: 
/home/kmbandillo/baybayin_project/baybayin_dataset/tagalog_stylized/ts_words/baybayin_namin_words-0860.tif: 
/home/kmbandillo/baybayin_project/baybayin_dataset/tagalog_stylized/ts_words/baybayin_namin_words-0885.tif: 
/home/kmbandillo/baybayin_project/baybayin_dataset/tagalog_stylized/ts_words/baybayin_namin_words-0905.tif: 
/home/kmbandillo/baybayin_project/baybayin_dataset/tagalog_stylized/ts_words/baybayin_namin_words-0924.tif: 
/home/kmbandillo/baybayin_project/baybayin_dataset/tagalog_stylized/ts_words/baybayin_namin_words-0936.tif: 
/home/kmbandillo/baybayin_project/baybayin_dataset/tagalog_stylized/ts_words/baybayin_namin_words-0950.tif: 
/home/kmbandillo/baybayin_project/baybayin_dataset/tagalog_stylized/ts_words/baybayin_namin_words-0951.tif: 
/home/kmbandillo/baybayin_project/baybayin_dataset/tagalog_stylized/ts_words/baybayin_namin_words-0954.tif: 
/home/kmbandillo/baybayin_project/baybayin_dataset/tagalog_stylized/ts_words/baybayin_namin_words-0995.tif: 
/home/kmbandillo/baybayin_project/baybayin_dataset/tagalog_stylized/ts_words/baybayin_namin_words-0996.tif: 
/home/kmbandillo/baybayin_project/baybayin_dataset/tagalog_stylized/ts_words/baybayin_namin_words-0999.tif: 
/home/kmbandillo/baybayin_project/baybayin_dataset/tagalog_stylized/ts_words/baybayin_namin_words-1010.tif: 
/home/kmbandillo/baybayin_project/baybayin_dataset/tagalog_stylized/ts_words/baybayin_namin_words-1013.tif: 
/home/kmbandillo/baybayin_project/baybayin_dataset/tagalog_stylized/ts_words/baybayin_namin_words-1060.tif: 
/home/kmbandillo/baybayin_project/baybayin_dataset/tagalog_stylized/ts_words/baybayin_namin_words-1086.tif: 
/home/kmbandillo/baybayin_project/baybayin_dataset/tagalog_stylized/ts_words/baybayin_namin_words-1090.tif: 
/home/kmbandillo/baybayin_project/baybayin_dataset/tagalog_stylized/ts_words/baybayin_namin_words-1097.tif: 
/home/kmbandillo/baybayin_project/baybayin_dataset/tagalog_stylized/ts_words/baybayin_namin_words-1112.tif: 
/home/kmbandillo/baybayin_project/baybayin_dataset/tagalog_stylized/ts_words/baybayin_namin_words-1130.tif: 
/home/kmbandillo/baybayin_project/baybayin_dataset/tagalog_stylized/ts_words/baybayin_namin_words-1185.tif: 
/home/kmbandillo/baybayin_project/baybayin_dataset/tagalog_stylized/ts_words/baybayin_namin_words-1234.tif: 
/home/kmbandillo/baybayin_project/baybayin_dataset/tagalog_stylized/ts_words/baybayin_namin_words-1259.tif: 
/home/kmbandillo/baybayin_project/baybayin_dataset/tagalog_stylized/ts_words/baybayin_namin_words-1281.tif: 
/home/kmbandillo/baybayin_project/baybayin_dataset/tagalog_stylized/ts_words/baybayin_namin_words-1298.tif: 
/home/kmbandillo/baybayin_project/baybayin_dataset/tagalog_stylized/ts_words/baybayin_namin_words-1323.tif: 
/home/kmbandillo/baybayin_project/baybayin_dataset/tagalog_stylized/ts_words/baybayin_namin_words-1326.tif: 
/home/kmbandillo/baybayin_project/baybayin_dataset/tagalog_stylized/ts_words/baybayin_namin_words-1343.tif: 
/home/kmbandillo/baybayin_project/baybayin_dataset/tagalog_stylized/ts_words/baybayin_namin_words-1381.tif: 
/home/kmbandillo/baybayin_project/baybayin_dataset/tagalog_stylized/ts_words/baybayin_namin_words-1382.tif: 
/home/kmbandillo/baybayin_project/baybayin_dataset/tagalog_stylized/ts_words/baybayin_namin_words-1385.tif: 
/home/kmbandillo/baybayin_project/baybayin_dataset/tagalog_stylized/ts_words/baybayin_namin_words-1407.tif: 
/home/kmbandillo/baybayin_project/baybayin_dataset/tagalog_stylized/ts_words/baybayin_namin_words-1426.tif: 
/home/kmbandillo/baybayin_project/baybayin_dataset/tagalog_stylized/ts_words/baybayin_namin_words-1442.tif: 
/home/kmbandillo/baybayin_project/baybayin_dataset/tagalog_stylized/ts_words/baybayin_namin_words-1443.tif: 
/home/kmbandillo/baybayin_project/baybayin_dataset/tagalog_stylized/ts_words/baybayin_namin_words-1448.tif: 
/home/kmbandillo/baybayin_project/baybayin_dataset/tagalog_stylized/ts_words/baybayin_namin_words-1452.tif: 
/home/kmbandillo/baybayin_project/baybayin_dataset/tagalog_stylized/ts_words/baybayin_namin_words-1479.tif: 
/home/kmbandillo/baybayin_project/baybayin_dataset/tagalog_stylized/ts_words/baybayin_namin_words-1488.tif: 
/home/kmbandillo/baybayin_project/baybayin_dataset/tagalog_stylized/ts_words/baybayin_namin_words-1541.tif: 
/home/kmbandillo/baybayin_project/baybayin_dataset/tagalog_stylized/ts_words/baybayin_namin_words-1550.tif: 
/home/kmbandillo/baybayin_project/baybayin_dataset/tagalog_stylized/ts_words/baybayin_namin_words-1552.tif: 
/home/kmbandillo/baybayin_project/baybayin_dataset/tagalog_stylized/ts_words/baybayin_namin_words-1575.tif: 
/home/kmbandillo/baybayin_project/baybayin_dataset/tagalog_stylized/ts_words/baybayin_namin_words-1582.tif: 
/home/kmbandillo/baybayin_project/baybayin_dataset/tagalog_stylized/ts_words/baybayin_namin_words-1595.tif: 
/home/kmbandillo/baybayin_project/baybayin_dataset/tagalog_stylized/ts_words/baybayin_namin_words-1636.tif: 
/home/kmbandillo/baybayin_project/baybayin_dataset/tagalog_stylized/ts_words/baybayin_namin_words-1655.tif: 
/home/kmbandillo/baybayin_project/baybayin_dataset/tagalog_stylized/ts_words/baybayin_namin_words-1656.tif: 
/home/kmbandillo/baybayin_project/baybayin_dataset/tagalog_stylized/ts_words/baybayin_namin_words-1659.tif: 
/home/kmbandillo/baybayin_project/baybayin_dataset/tagalog_stylized/ts_words/baybayin_namin_words-1662.tif: 
/home/kmbandillo/baybayin_project/baybayin_dataset/tagalog_stylized/ts_words/baybayin_namin_words-1676.tif: 
/home/kmbandillo/baybayin_project/baybayin_dataset/tagalog_stylized/ts_words/baybayin_namin_words-1696.tif: 
/home/kmbandillo/baybayin_project/baybayin_dataset/tagalog_stylized/ts_words/baybayin_namin_words-1702.tif: 
/home/kmbandillo/baybayin_project/baybayin_dataset/tagalog_stylized/ts_words/baybayin_namin_words-1715.tif: 
/home/kmbandillo/baybayin_project/baybayin_dataset/tagalog_stylized/ts_words/baybayin_namin_words-1743.tif: 
/home/kmbandillo/baybayin_project/baybayin_dataset/tagalog_stylized/ts_words/baybayin_namin_words-1759.tif: 
/home/kmbandillo/baybayin_project/baybayin_dataset/tagalog_stylized/ts_words/baybayin_namin_words-1782.tif: 
/home/kmbandillo/baybayin_project/baybayin_dataset/tagalog_stylized/ts_words/baybayin_namin_words-1784.tif: 
/home/kmbandillo/baybayin_project/baybayin_dataset/tagalog_stylized/ts_words/baybayin_namin_words-1820.tif: 
/home/kmbandillo/baybayin_project/baybayin_dataset/tagalog_stylized/ts_words/baybayin_namin_words-1905.tif: 
/home/kmbandillo/baybayin_project/baybayin_dataset/tagalog_stylized/ts_words/baybayin_namin_words-1908.tif: 
/home/kmbandillo/baybayin_project/baybayin_dataset/tagalog_stylized/ts_words/baybayin_namin_words-1923.tif: 
/home/kmbandillo/baybayin_project/baybayin_dataset/tagalog_stylized/ts_words/baybayin_namin_words-1939.tif: 
/home/kmbandillo/baybayin_project/baybayin_dataset/tagalog_stylized/ts_words/baybayin_namin_words-1943.tif: 
/home/kmbandillo/baybayin_project/baybayin_dataset/tagalog_stylized/ts_words/baybayin_namin_words-1946.tif: 
/home/kmbandillo/baybayin_project/baybayin_dataset/tagalog_stylized/ts_words/baybayin_namin_words-1984.tif: 
/home/kmbandillo/baybayin_project/baybayin_dataset/tagalog_stylized/ts_words/baybayin_namin_words-1987.tif: 
/home/kmbandillo/baybayin_project/baybayin_dataset/tagalog_stylized/ts_words/baybayin_namin_words-2002.tif: 
/home/kmbandillo/baybayin_project/baybayin_dataset/tagalog_stylized/ts_words/baybayin_namin_words-2018.tif: 
/home/kmbandillo/baybayin_project/baybayin_dataset/tagalog_stylized/ts_words/baybayin_namin_words-2043.tif: 
/home/kmbandillo/baybayin_project/baybayin_dataset/tagalog_stylized/ts_words/baybayin_namin_words-2068.tif: 
/home/kmbandillo/baybayin_project/baybayin_dataset/tagalog_stylized/ts_words/baybayin_namin_words-2069.tif: 
/home/kmbandillo/baybayin_project/baybayin_dataset/tagalog_stylized/ts_words/baybayin_namin_words-2084.tif: 
/home/kmbandillo/baybayin_project/baybayin_dataset/tagalog_stylized/ts_words/baybayin_namin_words-2125.tif: 
/home/kmbandillo/baybayin_project/baybayin_dataset/tagalog_stylized/ts_words/baybayin_namin_words-2141.tif: 
/home/kmbandillo/baybayin_project/baybayin_dataset/tagalog_stylized/ts_words/baybayin_namin_words-2142.tif: 
/home/kmbandillo/baybayin_project/baybayin_dataset/tagalog_stylized/ts_words/baybayin_namin_words-2148.tif: 
/home/kmbandillo/baybayin_project/baybayin_dataset/tagalog_stylized/ts_words/baybayin_namin_words-2317.tif: 
/home/kmbandillo/baybayin_project/baybayin_dataset/tagalog_stylized/ts_words/baybayin_namin_words-2345.tif: 
/home/kmbandillo/baybayin_project/baybayin_dataset/tagalog_stylized/ts_words/baybayin_namin_words-2386.tif: 
/home/kmbandillo/baybayin_project/baybayin_dataset/tagalog_stylized/ts_words/baybayin_namin_words-2395.tif: 
/home/kmbandillo/baybayin_project/baybayin_dataset/tagalog_stylized/ts_words/baybayin_namin_words-2408.tif: 
/home/kmbandillo/baybayin_project/baybayin_dataset/tagalog_stylized/ts_words/baybayin_namin_words-2413.tif: 
/home/kmbandillo/baybayin_project/baybayin_dataset/tagalog_stylized/ts_words/baybayin_namin_words-2435.tif: 
/home/kmbandillo/baybayin_project/baybayin_dataset/tagalog_stylized/ts_words/baybayin_namin_words-2453.tif: 
/home/kmbandillo/baybayin_project/baybayin_dataset/tagalog_stylized/ts_words/baybayin_namin_words-2465.tif: 
/home/kmbandillo/baybayin_project/baybayin_dataset/tagalog_stylized/ts_words/baybayin_namin_words-2477.tif: 
/home/kmbandillo/baybayin_project/baybayin_dataset/tagalog_stylized/ts_words/baybayin_namin_words-2492.tif: 
/home/kmbandillo/baybayin_project/baybayin_dataset/tagalog_stylized/ts_words/baybayin_namin_words-2509.tif: 
/home/kmbandillo/baybayin_project/baybayin_dataset/tagalog_stylized/ts_words/baybayin_namin_words-2511.tif: 
/home/kmbandillo/baybayin_project/baybayin_dataset/tagalog_stylized/ts_words/baybayin_namin_words-2512.tif: 
/home/kmbandillo/baybayin_project/baybayin_dataset/tagalog_stylized/ts_words/baybayin_namin_words-2518.tif: 
/home/kmbandillo/baybayin_project/baybayin_dataset/tagalog_stylized/ts_words/baybayin_namin_words-2562.tif: 
/home/kmbandillo/baybayin_project/baybayin_dataset/tagalog_stylized/ts_words/baybayin_namin_words-2586.tif: 
/home/kmbandillo/baybayin_project/baybayin_dataset/tagalog_stylized/ts_words/baybayin_namin_words-2589.tif: 
/home/kmbandillo/baybayin_project/baybayin_dataset/tagalog_stylized/ts_words/baybayin_namin_words-2595.tif: 
/home/kmbandillo/baybayin_project/baybayin_dataset/tagalog_stylized/ts_words/baybayin_namin_words-2613.tif: 
/home/kmbandillo/baybayin_project/baybayin_dataset/tagalog_stylized/ts_words/baybayin_namin_words-2625.tif: 
/home/kmbandillo/baybayin_project/baybayin_dataset/tagalog_stylized/ts_words/baybayin_namin_words-2626.tif: 
/home/kmbandillo/baybayin_project/baybayin_dataset/tagalog_stylized/ts_words/baybayin_namin_words-2632.tif: 
/home/kmbandillo/baybayin_project/baybayin_dataset/tagalog_stylized/ts_words/baybayin_namin_words-2666.tif: 
/home/kmbandillo/baybayin_project/baybayin_dataset/tagalog_stylized/ts_words/baybayin_namin_words-2669.tif: 
/home/kmbandillo/baybayin_project/baybayin_dataset/tagalog_stylized/ts_words/baybayin_namin_words-2687.tif: 
/home/kmbandillo/baybayin_project/baybayin_dataset/tagalog_stylized/ts_words/baybayin_namin_words-2733.tif: 
/home/kmbandillo/baybayin_project/baybayin_dataset/tagalog_stylized/ts_words/baybayin_namin_words-2751.tif: 
/home/kmbandillo/baybayin_project/baybayin_dataset/tagalog_stylized/ts_words/baybayin_namin_words-2757.tif: 
/home/kmbandillo/baybayin_project/baybayin_dataset/tagalog_stylized/ts_words/baybayin_namin_words-2773.tif: 
/home/kmbandillo/baybayin_project/baybayin_dataset/tagalog_stylized/ts_words/baybayin_namin_words-2785.tif: 
/home/kmbandillo/baybayin_project/baybayin_dataset/tagalog_stylized/ts_words/baybayin_namin_words-2794.tif: 
/home/kmbandillo/baybayin_project/baybayin_dataset/tagalog_stylized/ts_words/baybayin_namin_words-2805.tif: 
/home/kmbandillo/baybayin_project/baybayin_dataset/tagalog_stylized/ts_words/baybayin_namin_words-2830.tif: 
/home/kmbandillo/baybayin_project/baybayin_dataset/tagalog_stylized/ts_words/baybayin_namin_words-2840.tif: 
/home/kmbandillo/baybayin_project/baybayin_dataset/tagalog_stylized/ts_words/baybayin_namin_words-2850.tif: 
/home/kmbandillo/baybayin_project/baybayin_dataset/tagalog_stylized/ts_words/baybayin_namin_words-2869.tif: 
/home/kmbandillo/baybayin_project/baybayin_dataset/tagalog_stylized/ts_words/baybayin_namin_words-2872.tif: 
/home/kmbandillo/baybayin_project/baybayin_dataset/tagalog_stylized/ts_words/baybayin_namin_words-2875.tif: 
/home/kmbandillo/baybayin_project/baybayin_dataset/tagalog_stylized/ts_words/baybayin_namin_words-2906.tif: 
/home/kmbandillo/baybayin_project/baybayin_dataset/tagalog_stylized/ts_words/baybayin_namin_words-2908.tif: 
/home/kmbandillo/baybayin_project/baybayin_dataset/tagalog_stylized/ts_words/baybayin_namin_words-2909.tif: 
/home/kmbandillo/baybayin_project/baybayin_dataset/tagalog_stylized/ts_words/baybayin_namin_words-2929.tif: 
/home/kmbandillo/baybayin_project/baybayin_dataset/tagalog_stylized/ts_words/baybayin_namin_words-2938.tif: 
/home/kmbandillo/baybayin_project/baybayin_dataset/tagalog_stylized/ts_words/baybayin_namin_words-2977.tif: 
