/home/kmbandillo/baybayin_project/baybayin_dataset/baybayin_namin/bn_phrase/baybayin_namin_phrase_0031.tif: lstmf not created
/home/kmbandillo/baybayin_project/baybayin_dataset/baybayin_namin/bn_phrase/baybayin_namin_phrase_0187.tif: lstmf not created
/home/kmbandillo/baybayin_project/baybayin_dataset/baybayin_namin/bn_phrase/baybayin_namin_phrase_0584.tif: lstmf not created
/home/kmbandillo/baybayin_project/baybayin_dataset/baybayin_namin/bn_phrase/baybayin_namin_phrase_0954.tif: lstmf not created
/home/kmbandillo/baybayin_project/baybayin_dataset/handwritten/char_unbundled/e_i/e_i_0497.tif: lstmf not created
/home/kmbandillo/baybayin_project/baybayin_dataset/handwritten/char_unbundled/nge_ngi_grouped/nge_ngi_grouped_0947.tif: lstmf not created
/home/kmbandillo/baybayin_project/baybayin_dataset/handwritten/char_unbundled/pa/pa_0341.tif: lstmf not created
/home/kmbandillo/baybayin_project/baybayin_dataset/handwritten/char_unbundled/pa/pa_0370.tif: lstmf not created
/home/kmbandillo/baybayin_project/baybayin_dataset/handwritten/hw_words/training/hw_words_0020.tif: lstmf not created
/home/kmbandillo/baybayin_project/baybayin_dataset/handwritten/hw_words/training/hw_words_0025.tif: lstmf not created
/home/kmbandillo/baybayin_project/baybayin_dataset/handwritten/hw_words/training/hw_words_0030.tif: lstmf not created
/home/kmbandillo/baybayin_project/baybayin_dataset/handwritten/hw_words/training/hw_words_0036.tif: lstmf not created
/home/kmbandillo/baybayin_project/baybayin_dataset/handwritten/hw_words/training/hw_words_0038.tif: lstmf not created
/home/kmbandillo/baybayin_project/baybayin_dataset/handwritten/hw_words/training/hw_words_0052.tif: lstmf not created
/home/kmbandillo/baybayin_project/baybayin_dataset/handwritten/hw_words/training/hw_words_0053.tif: lstmf not created
/home/kmbandillo/baybayin_project/baybayin_dataset/handwritten/hw_words/training/hw_words_0060.tif: lstmf not created
/home/kmbandillo/baybayin_project/baybayin_dataset/handwritten/hw_words/training/hw_words_0063.tif: lstmf not created
/home/kmbandillo/baybayin_project/baybayin_dataset/handwritten/hw_words/training/hw_words_0066.tif: lstmf not created
/home/kmbandillo/baybayin_project/baybayin_dataset/handwritten/hw_words/training/hw_words_0074.tif: lstmf not created
/home/kmbandillo/baybayin_project/baybayin_dataset/handwritten/hw_words/training/hw_words_0078.tif: lstmf not created
/home/kmbandillo/baybayin_project/baybayin_dataset/handwritten/hw_words/training/hw_words_0082.tif: lstmf not created
/home/kmbandillo/baybayin_project/baybayin_dataset/handwritten/hw_words/training/hw_words_0086.tif: lstmf not created
/home/kmbandillo/baybayin_project/baybayin_dataset/handwritten/hw_words/training/hw_words_0089.tif: lstmf not created
/home/kmbandillo/baybayin_project/baybayin_dataset/handwritten/hw_words/training/hw_words_0090.tif: lstmf not created
/home/kmbandillo/baybayin_project/baybayin_dataset/handwritten/hw_words/training/hw_words_0093.tif: lstmf not created
/home/kmbandillo/baybayin_project/baybayin_dataset/handwritten/hw_words/training/hw_words_0096.tif: lstmf not created
/home/kmbandillo/baybayin_project/baybayin_dataset/handwritten/hw_words/training/hw_words_0098.tif: lstmf not created
/home/kmbandillo/baybayin_project/baybayin_dataset/handwritten/hw_words/training/hw_words_0099.tif: lstmf not created
/home/kmbandillo/baybayin_project/baybayin_dataset/handwritten/hw_words/training/hw_words_0100.tif: lstmf not created
/home/kmbandillo/baybayin_project/baybayin_dataset/handwritten/hw_words/training/hw_words_0102.tif: lstmf not created
/home/kmbandillo/baybayin_project/baybayin_dataset/handwritten/hw_words/training/hw_words_0101.tif: lstmf not created
/home/kmbandillo/baybayin_project/baybayin_dataset/handwritten/hw_words/training/hw_words_0112.tif: lstmf not created
/home/kmbandillo/baybayin_project/baybayin_dataset/handwritten/hw_words/training/hw_words_0110.tif: lstmf not created
/home/kmbandillo/baybayin_project/baybayin_dataset/handwritten/hw_words/training/hw_words_0118.tif: lstmf not created
/home/kmbandillo/baybayin_project/baybayin_dataset/handwritten/hw_words/training/hw_words_0120.tif: lstmf not created
/home/kmbandillo/baybayin_project/baybayin_dataset/handwritten/hw_words/training/hw_words_0121.tif: lstmf not created
/home/kmbandillo/baybayin_project/baybayin_dataset/handwritten/hw_words/training/hw_words_0122.tif: lstmf not created
/home/kmbandillo/baybayin_project/baybayin_dataset/handwritten/hw_words/training/hw_words_0123.tif: lstmf not created
/home/kmbandillo/baybayin_project/baybayin_dataset/handwritten/hw_words/training/hw_words_0127.tif: lstmf not created
/home/kmbandillo/baybayin_project/baybayin_dataset/handwritten/hw_words/training/hw_words_0132.tif: lstmf not created
/home/kmbandillo/baybayin_project/baybayin_dataset/handwritten/hw_words/training/hw_words_0130.tif: lstmf not created
/home/kmbandillo/baybayin_project/baybayin_dataset/handwritten/hw_words/training/hw_words_0134.tif: lstmf not created
/home/kmbandillo/baybayin_project/baybayin_dataset/handwritten/hw_words/training/hw_words_0138.tif: lstmf not created
/home/kmbandillo/baybayin_project/baybayin_dataset/handwritten/hw_words/training/hw_words_0144.tif: lstmf not created
/home/kmbandillo/baybayin_project/baybayin_dataset/handwritten/hw_words/training/hw_words_0142.tif: lstmf not created
/home/kmbandillo/baybayin_project/baybayin_dataset/handwritten/hw_words/training/hw_words_0148.tif: lstmf not created
/home/kmbandillo/baybayin_project/baybayin_dataset/handwritten/hw_words/training/hw_words_0150.tif: lstmf not created
/home/kmbandillo/baybayin_project/baybayin_dataset/handwritten/hw_words/training/hw_words_0149.tif: lstmf not created
/home/kmbandillo/baybayin_project/baybayin_dataset/handwritten/hw_words/training/hw_words_0152.tif: lstmf not created
/home/kmbandillo/baybayin_project/baybayin_dataset/handwritten/hw_words/training/hw_words_0158.tif: lstmf not created
/home/kmbandillo/baybayin_project/baybayin_dataset/handwritten/hw_words/training/hw_words_0163.tif: lstmf not created
/home/kmbandillo/baybayin_project/baybayin_dataset/handwritten/hw_words/training/hw_words_0164.tif: lstmf not created
/home/kmbandillo/baybayin_project/baybayin_dataset/handwritten/hw_words/training/hw_words_0165.tif: lstmf not created
/home/kmbandillo/baybayin_project/baybayin_dataset/handwritten/hw_words/training/hw_words_0168.tif: lstmf not created
/home/kmbandillo/baybayin_project/baybayin_dataset/handwritten/hw_words/training/hw_words_0169.tif: lstmf not created
/home/kmbandillo/baybayin_project/baybayin_dataset/handwritten/hw_words/training/hw_words_0171.tif: lstmf not created
/home/kmbandillo/baybayin_project/baybayin_dataset/handwritten/hw_words/training/hw_words_0183.tif: lstmf not created
/home/kmbandillo/baybayin_project/baybayin_dataset/handwritten/hw_words/training/hw_words_0185.tif: lstmf not created
/home/kmbandillo/baybayin_project/baybayin_dataset/handwritten/hw_words/training/hw_words_0188.tif: lstmf not created
/home/kmbandillo/baybayin_project/baybayin_dataset/handwritten/hw_words/training/hw_words_0189.tif: lstmf not created
/home/kmbandillo/baybayin_project/baybayin_dataset/handwritten/hw_words/training/hw_words_0191.tif: lstmf not created
/home/kmbandillo/baybayin_project/baybayin_dataset/handwritten/hw_words/training/hw_words_0195.tif: lstmf not created
/home/kmbandillo/baybayin_project/baybayin_dataset/handwritten/hw_words/training/hw_words_0209.tif: lstmf not created
/home/kmbandillo/baybayin_project/baybayin_dataset/handwritten/hw_words/training/hw_words_0211.tif: lstmf not created
/home/kmbandillo/baybayin_project/baybayin_dataset/handwritten/hw_words/training/hw_words_0220.tif: lstmf not created
/home/kmbandillo/baybayin_project/baybayin_dataset/handwritten/hw_words/training/hw_words_0222.tif: lstmf not created
/home/kmbandillo/baybayin_project/baybayin_dataset/handwritten/hw_words/training/hw_words_0226.tif: lstmf not created
/home/kmbandillo/baybayin_project/baybayin_dataset/handwritten/hw_words/training/hw_words_0227.tif: lstmf not created
/home/kmbandillo/baybayin_project/baybayin_dataset/handwritten/hw_words/training/hw_words_0232.tif: lstmf not created
/home/kmbandillo/baybayin_project/baybayin_dataset/handwritten/hw_words/training/hw_words_0237.tif: lstmf not created
/home/kmbandillo/baybayin_project/baybayin_dataset/handwritten/hw_words/training/hw_words_0245.tif: lstmf not created
/home/kmbandillo/baybayin_project/baybayin_dataset/handwritten/hw_words/training/hw_words_0246.tif: lstmf not created
/home/kmbandillo/baybayin_project/baybayin_dataset/handwritten/hw_words/training/hw_words_0248.tif: lstmf not created
/home/kmbandillo/baybayin_project/baybayin_dataset/handwritten/hw_words/training/hw_words_0253.tif: lstmf not created
/home/kmbandillo/baybayin_project/baybayin_dataset/handwritten/hw_words/training/hw_words_0255.tif: lstmf not created
/home/kmbandillo/baybayin_project/baybayin_dataset/handwritten/hw_words/training/hw_words_0258.tif: lstmf not created
/home/kmbandillo/baybayin_project/baybayin_dataset/handwritten/hw_words/training/hw_words_0269.tif: lstmf not created
/home/kmbandillo/baybayin_project/baybayin_dataset/handwritten/hw_words/training/hw_words_0272.tif: lstmf not created
/home/kmbandillo/baybayin_project/baybayin_dataset/handwritten/hw_words/training/hw_words_0276.tif: lstmf not created
/home/kmbandillo/baybayin_project/baybayin_dataset/handwritten/hw_words/training/hw_words_0277.tif: lstmf not created
/home/kmbandillo/baybayin_project/baybayin_dataset/handwritten/hw_words/training/hw_words_0288.tif: lstmf not created
/home/kmbandillo/baybayin_project/baybayin_dataset/handwritten/hw_words/training/hw_words_0289.tif: lstmf not created
/home/kmbandillo/baybayin_project/baybayin_dataset/handwritten/hw_words/training/hw_words_0292.tif: lstmf not created
/home/kmbandillo/baybayin_project/baybayin_dataset/handwritten/hw_words/training/hw_words_0296.tif: lstmf not created
/home/kmbandillo/baybayin_project/baybayin_dataset/handwritten/hw_words/training/hw_words_0298.tif: lstmf not created
/home/kmbandillo/baybayin_project/baybayin_dataset/handwritten/hw_words/training/hw_words_0300.tif: lstmf not created
/home/kmbandillo/baybayin_project/baybayin_dataset/handwritten/hw_words/training/hw_words_0302.tif: lstmf not created
/home/kmbandillo/baybayin_project/baybayin_dataset/handwritten/hw_words/training/hw_words_0307.tif: lstmf not created
/home/kmbandillo/baybayin_project/baybayin_dataset/handwritten/hw_words/training/hw_words_0316.tif: lstmf not created
/home/kmbandillo/baybayin_project/baybayin_dataset/handwritten/hw_words/training/hw_words_0315.tif: lstmf not created
/home/kmbandillo/baybayin_project/baybayin_dataset/handwritten/hw_words/training/hw_words_0335.tif: lstmf not created
/home/kmbandillo/baybayin_project/baybayin_dataset/handwritten/hw_words/training/hw_words_0339.tif: lstmf not created
/home/kmbandillo/baybayin_project/baybayin_dataset/handwritten/hw_words/training/hw_words_0341.tif: lstmf not created
/home/kmbandillo/baybayin_project/baybayin_dataset/handwritten/hw_words/training/hw_words_0348.tif: lstmf not created
/home/kmbandillo/baybayin_project/baybayin_dataset/handwritten/hw_words/training/hw_words_0349.tif: lstmf not created
/home/kmbandillo/baybayin_project/baybayin_dataset/handwritten/hw_words/training/hw_words_0350.tif: lstmf not created
/home/kmbandillo/baybayin_project/baybayin_dataset/handwritten/hw_words/training/hw_words_0360.tif: lstmf not created
/home/kmbandillo/baybayin_project/baybayin_dataset/handwritten/hw_words/training/hw_words_0361.tif: lstmf not created
/home/kmbandillo/baybayin_project/baybayin_dataset/handwritten/hw_words/training/hw_words_0367.tif: lstmf not created
/home/kmbandillo/baybayin_project/baybayin_dataset/handwritten/hw_words/training/hw_words_0392.tif: lstmf not created
/home/kmbandillo/baybayin_project/baybayin_dataset/handwritten/hw_words/training/hw_words_0393.tif: lstmf not created
/home/kmbandillo/baybayin_project/baybayin_dataset/handwritten/hw_words/training/hw_words_0395.tif: lstmf not created
/home/kmbandillo/baybayin_project/baybayin_dataset/handwritten/hw_words/training/hw_words_0397.tif: lstmf not created
/home/kmbandillo/baybayin_project/baybayin_dataset/handwritten/hw_words/training/hw_words_0398.tif: lstmf not created
/home/kmbandillo/baybayin_project/baybayin_dataset/handwritten/hw_words/training/hw_words_0401.tif: lstmf not created
/home/kmbandillo/baybayin_project/baybayin_dataset/handwritten/hw_words/training/hw_words_0403.tif: lstmf not created
/home/kmbandillo/baybayin_project/baybayin_dataset/handwritten/hw_words/training/hw_words_0405.tif: lstmf not created
/home/kmbandillo/baybayin_project/baybayin_dataset/handwritten/hw_words/training/hw_words_0406.tif: lstmf not created
/home/kmbandillo/baybayin_project/baybayin_dataset/handwritten/hw_words/training/hw_words_0407.tif: lstmf not created
/home/kmbandillo/baybayin_project/baybayin_dataset/handwritten/hw_words/training/hw_words_0427.tif: lstmf not created
/home/kmbandillo/baybayin_project/baybayin_dataset/handwritten/hw_words/training/hw_words_0425.tif: lstmf not created
/home/kmbandillo/baybayin_project/baybayin_dataset/handwritten/hw_words/training/hw_words_0430.tif: lstmf not created
/home/kmbandillo/baybayin_project/baybayin_dataset/handwritten/hw_words/training/hw_words_0432.tif: lstmf not created
/home/kmbandillo/baybayin_project/baybayin_dataset/handwritten/hw_words/training/hw_words_0436.tif: lstmf not created
/home/kmbandillo/baybayin_project/baybayin_dataset/handwritten/hw_words/training/hw_words_0454.tif: lstmf not created
/home/kmbandillo/baybayin_project/baybayin_dataset/handwritten/hw_words/training/hw_words_0461.tif: lstmf not created
/home/kmbandillo/baybayin_project/baybayin_dataset/handwritten/hw_words/training/hw_words_0468.tif: lstmf not created
/home/kmbandillo/baybayin_project/baybayin_dataset/handwritten/hw_words/training/hw_words_0474.tif: lstmf not created
/home/kmbandillo/baybayin_project/baybayin_dataset/handwritten/hw_words/training/hw_words_0475.tif: lstmf not created
/home/kmbandillo/baybayin_project/baybayin_dataset/handwritten/hw_words/training/hw_words_0483.tif: lstmf not created
/home/kmbandillo/baybayin_project/baybayin_dataset/handwritten/hw_words/training/hw_words_0502.tif: lstmf not created
/home/kmbandillo/baybayin_project/baybayin_dataset/handwritten/hw_words/training/hw_words_0504.tif: lstmf not created
/home/kmbandillo/baybayin_project/baybayin_dataset/handwritten/hw_words/training/hw_words_0509.tif: lstmf not created
/home/kmbandillo/baybayin_project/baybayin_dataset/handwritten/hw_words/training/hw_words_0513.tif: lstmf not created
/home/kmbandillo/baybayin_project/baybayin_dataset/handwritten/hw_words/training/hw_words_0517.tif: lstmf not created
/home/kmbandillo/baybayin_project/baybayin_dataset/handwritten/hw_words/training/hw_words_0521.tif: lstmf not created
/home/kmbandillo/baybayin_project/baybayin_dataset/handwritten/hw_words/training/hw_words_0528.tif: lstmf not created
/home/kmbandillo/baybayin_project/baybayin_dataset/handwritten/hw_words/training/hw_words_0529.tif: lstmf not created
/home/kmbandillo/baybayin_project/baybayin_dataset/handwritten/hw_words/training/hw_words_0535.tif: lstmf not created
/home/kmbandillo/baybayin_project/baybayin_dataset/handwritten/hw_words/training/hw_words_0538.tif: lstmf not created
/home/kmbandillo/baybayin_project/baybayin_dataset/handwritten/hw_words/training/hw_words_0537.tif: lstmf not created
/home/kmbandillo/baybayin_project/baybayin_dataset/handwritten/hw_words/training/hw_words_0546.tif: lstmf not created
/home/kmbandillo/baybayin_project/baybayin_dataset/handwritten/hw_words/training/hw_words_0547.tif: lstmf not created
/home/kmbandillo/baybayin_project/baybayin_dataset/handwritten/hw_words/training/hw_words_0556.tif: lstmf not created
/home/kmbandillo/baybayin_project/baybayin_dataset/handwritten/hw_words/training/hw_words_0558.tif: lstmf not created
/home/kmbandillo/baybayin_project/baybayin_dataset/handwritten/hw_words/training/hw_words_0560.tif: lstmf not created
/home/kmbandillo/baybayin_project/baybayin_dataset/handwritten/hw_words/training/hw_words_0577.tif: lstmf not created
/home/kmbandillo/baybayin_project/baybayin_dataset/handwritten/hw_words/training/hw_words_0583.tif: lstmf not created
/home/kmbandillo/baybayin_project/baybayin_dataset/handwritten/hw_words/training/hw_words_0584.tif: lstmf not created
/home/kmbandillo/baybayin_project/baybayin_dataset/handwritten/hw_words/training/hw_words_0588.tif: lstmf not created
/home/kmbandillo/baybayin_project/baybayin_dataset/handwritten/hw_words/training/hw_words_0591.tif: lstmf not created
/home/kmbandillo/baybayin_project/baybayin_dataset/handwritten/hw_words/training/hw_words_0607.tif: lstmf not created
/home/kmbandillo/baybayin_project/baybayin_dataset/handwritten/hw_words/training/hw_words_0611.tif: lstmf not created
/home/kmbandillo/baybayin_project/baybayin_dataset/handwritten/hw_words/training/hw_words_0610.tif: lstmf not created
/home/kmbandillo/baybayin_project/baybayin_dataset/handwritten/hw_words/training/hw_words_0618.tif: lstmf not created
/home/kmbandillo/baybayin_project/baybayin_dataset/handwritten/hw_words/training/hw_words_0632.tif: lstmf not created
/home/kmbandillo/baybayin_project/baybayin_dataset/handwritten/hw_words/training/hw_words_0637.tif: lstmf not created
/home/kmbandillo/baybayin_project/baybayin_dataset/handwritten/hw_words/training/hw_words_0642.tif: lstmf not created
/home/kmbandillo/baybayin_project/baybayin_dataset/handwritten/hw_words/training/hw_words_0649.tif: lstmf not created
/home/kmbandillo/baybayin_project/baybayin_dataset/handwritten/hw_words/training/hw_words_0651.tif: lstmf not created
/home/kmbandillo/baybayin_project/baybayin_dataset/handwritten/hw_words/training/hw_words_0656.tif: lstmf not created
/home/kmbandillo/baybayin_project/baybayin_dataset/handwritten/hw_words/training/hw_words_0658.tif: lstmf not created
/home/kmbandillo/baybayin_project/baybayin_dataset/handwritten/hw_words/training/hw_words_0660.tif: lstmf not created
/home/kmbandillo/baybayin_project/baybayin_dataset/handwritten/hw_words/training/hw_words_0670.tif: lstmf not created
/home/kmbandillo/baybayin_project/baybayin_dataset/handwritten/hw_words/training/hw_words_0669.tif: lstmf not created
/home/kmbandillo/baybayin_project/baybayin_dataset/handwritten/hw_words/training/hw_words_0671.tif: lstmf not created
/home/kmbandillo/baybayin_project/baybayin_dataset/handwritten/hw_words/training/hw_words_0681.tif: lstmf not created
/home/kmbandillo/baybayin_project/baybayin_dataset/handwritten/hw_words/training/hw_words_0690.tif: lstmf not created
/home/kmbandillo/baybayin_project/baybayin_dataset/tagalog_stylized/ts_words/baybayin_namin_words-0013.tif: lstmf not created
/home/kmbandillo/baybayin_project/baybayin_dataset/tagalog_stylized/ts_words/baybayin_namin_words-0022.tif: lstmf not created
/home/kmbandillo/baybayin_project/baybayin_dataset/tagalog_stylized/ts_words/baybayin_namin_words-0051.tif: lstmf not created
/home/kmbandillo/baybayin_project/baybayin_dataset/tagalog_stylized/ts_words/baybayin_namin_words-0062.tif: lstmf not created
/home/kmbandillo/baybayin_project/baybayin_dataset/tagalog_stylized/ts_words/baybayin_namin_words-0072.tif: lstmf not created
/home/kmbandillo/baybayin_project/baybayin_dataset/tagalog_stylized/ts_words/baybayin_namin_words-0099.tif: lstmf not created
/home/kmbandillo/baybayin_project/baybayin_dataset/tagalog_stylized/ts_words/baybayin_namin_words-0108.tif: lstmf not created
/home/kmbandillo/baybayin_project/baybayin_dataset/tagalog_stylized/ts_words/baybayin_namin_words-0114.tif: lstmf not created
/home/kmbandillo/baybayin_project/baybayin_dataset/tagalog_stylized/ts_words/baybayin_namin_words-0123.tif: lstmf not created
/home/kmbandillo/baybayin_project/baybayin_dataset/tagalog_stylized/ts_words/baybayin_namin_words-0151.tif: lstmf not created
/home/kmbandillo/baybayin_project/baybayin_dataset/tagalog_stylized/ts_words/baybayin_namin_words-0161.tif: lstmf not created
/home/kmbandillo/baybayin_project/baybayin_dataset/tagalog_stylized/ts_words/baybayin_namin_words-0170.tif: lstmf not created
/home/kmbandillo/baybayin_project/baybayin_dataset/tagalog_stylized/ts_words/baybayin_namin_words-0210.tif: lstmf not created
/home/kmbandillo/baybayin_project/baybayin_dataset/tagalog_stylized/ts_words/baybayin_namin_words-0214.tif: lstmf not created
/home/kmbandillo/baybayin_project/baybayin_dataset/tagalog_stylized/ts_words/baybayin_namin_words-0232.tif: lstmf not created
/home/kmbandillo/baybayin_project/baybayin_dataset/tagalog_stylized/ts_words/baybayin_namin_words-0250.tif: lstmf not created
/home/kmbandillo/baybayin_project/baybayin_dataset/tagalog_stylized/ts_words/baybayin_namin_words-0256.tif: lstmf not created
/home/kmbandillo/baybayin_project/baybayin_dataset/tagalog_stylized/ts_words/baybayin_namin_words-0274.tif: lstmf not created
/home/kmbandillo/baybayin_project/baybayin_dataset/tagalog_stylized/ts_words/baybayin_namin_words-0280.tif: lstmf not created
/home/kmbandillo/baybayin_project/baybayin_dataset/tagalog_stylized/ts_words/baybayin_namin_words-0294.tif: lstmf not created
/home/kmbandillo/baybayin_project/baybayin_dataset/tagalog_stylized/ts_words/baybayin_namin_words-0306.tif: lstmf not created
/home/kmbandillo/baybayin_project/baybayin_dataset/tagalog_stylized/ts_words/baybayin_namin_words-0308.tif: lstmf not created
/home/kmbandillo/baybayin_project/baybayin_dataset/tagalog_stylized/ts_words/baybayin_namin_words-0315.tif: lstmf not created
/home/kmbandillo/baybayin_project/baybayin_dataset/tagalog_stylized/ts_words/baybayin_namin_words-0353.tif: lstmf not created
/home/kmbandillo/baybayin_project/baybayin_dataset/tagalog_stylized/ts_words/baybayin_namin_words-0396.tif: lstmf not created
/home/kmbandillo/baybayin_project/baybayin_dataset/tagalog_stylized/ts_words/baybayin_namin_words-0434.tif: lstmf not created
/home/kmbandillo/baybayin_project/baybayin_dataset/tagalog_stylized/ts_words/baybayin_namin_words-0471.tif: lstmf not created
/home/kmbandillo/baybayin_project/baybayin_dataset/tagalog_stylized/ts_words/baybayin_namin_words-0479.tif: lstmf not created
/home/kmbandillo/baybayin_project/baybayin_dataset/tagalog_stylized/ts_words/baybayin_namin_words-0497.tif: lstmf not created
/home/kmbandillo/baybayin_project/baybayin_dataset/tagalog_stylized/ts_words/baybayin_namin_words-0528.tif: lstmf not created
/home/kmbandillo/baybayin_project/baybayin_dataset/tagalog_stylized/ts_words/baybayin_namin_words-0531.tif: lstmf not created
/home/kmbandillo/baybayin_project/baybayin_dataset/tagalog_stylized/ts_words/baybayin_namin_words-0534.tif: lstmf not created
/home/kmbandillo/baybayin_project/baybayin_dataset/tagalog_stylized/ts_words/baybayin_namin_words-0564.tif: lstmf not created
/home/kmbandillo/baybayin_project/baybayin_dataset/tagalog_stylized/ts_words/baybayin_namin_words-0570.tif: lstmf not created
/home/kmbandillo/baybayin_project/baybayin_dataset/tagalog_stylized/ts_words/baybayin_namin_words-0579.tif: lstmf not created
/home/kmbandillo/baybayin_project/baybayin_dataset/tagalog_stylized/ts_words/baybayin_namin_words-0591.tif: lstmf not created
/home/kmbandillo/baybayin_project/baybayin_dataset/tagalog_stylized/ts_words/baybayin_namin_words-0608.tif: lstmf not created
/home/kmbandillo/baybayin_project/baybayin_dataset/tagalog_stylized/ts_words/baybayin_namin_words-0623.tif: lstmf not created
/home/kmbandillo/baybayin_project/baybayin_dataset/tagalog_stylized/ts_words/baybayin_namin_words-0656.tif: lstmf not created
/home/kmbandillo/baybayin_project/baybayin_dataset/tagalog_stylized/ts_words/baybayin_namin_words-0666.tif: lstmf not created
/home/kmbandillo/baybayin_project/baybayin_dataset/tagalog_stylized/ts_words/baybayin_namin_words-0669.tif: lstmf not created
/home/kmbandillo/baybayin_project/baybayin_dataset/tagalog_stylized/ts_words/baybayin_namin_words-0695.tif: lstmf not created
/home/kmbandillo/baybayin_project/baybayin_dataset/tagalog_stylized/ts_words/baybayin_namin_words-0704.tif: lstmf not created
/home/kmbandillo/baybayin_project/baybayin_dataset/tagalog_stylized/ts_words/baybayin_namin_words-0729.tif: lstmf not created
/home/kmbandillo/baybayin_project/baybayin_dataset/tagalog_stylized/ts_words/baybayin_namin_words-0789.tif: lstmf not created
/home/kmbandillo/baybayin_project/baybayin_dataset/tagalog_stylized/ts_words/baybayin_namin_words-0845.tif: lstmf not created
/home/kmbandillo/baybayin_project/baybayin_dataset/tagalog_stylized/ts_words/baybayin_namin_words-0860.tif: lstmf not created
/home/kmbandillo/baybayin_project/baybayin_dataset/tagalog_stylized/ts_words/baybayin_namin_words-0885.tif: lstmf not created
/home/kmbandillo/baybayin_project/baybayin_dataset/tagalog_stylized/ts_words/baybayin_namin_words-0905.tif: lstmf not created
/home/kmbandillo/baybayin_project/baybayin_dataset/tagalog_stylized/ts_words/baybayin_namin_words-0924.tif: lstmf not created
/home/kmbandillo/baybayin_project/baybayin_dataset/tagalog_stylized/ts_words/baybayin_namin_words-0936.tif: lstmf not created
/home/kmbandillo/baybayin_project/baybayin_dataset/tagalog_stylized/ts_words/baybayin_namin_words-0950.tif: lstmf not created
/home/kmbandillo/baybayin_project/baybayin_dataset/tagalog_stylized/ts_words/baybayin_namin_words-0951.tif: lstmf not created
/home/kmbandillo/baybayin_project/baybayin_dataset/tagalog_stylized/ts_words/baybayin_namin_words-0954.tif: lstmf not created
/home/kmbandillo/baybayin_project/baybayin_dataset/tagalog_stylized/ts_words/baybayin_namin_words-0999.tif: lstmf not created
/home/kmbandillo/baybayin_project/baybayin_dataset/tagalog_stylized/ts_words/baybayin_namin_words-0996.tif: lstmf not created
/home/kmbandillo/baybayin_project/baybayin_dataset/tagalog_stylized/ts_words/baybayin_namin_words-0995.tif: lstmf not created
/home/kmbandillo/baybayin_project/baybayin_dataset/tagalog_stylized/ts_words/baybayin_namin_words-1010.tif: lstmf not created
/home/kmbandillo/baybayin_project/baybayin_dataset/tagalog_stylized/ts_words/baybayin_namin_words-1013.tif: lstmf not created
/home/kmbandillo/baybayin_project/baybayin_dataset/tagalog_stylized/ts_words/baybayin_namin_words-1060.tif: lstmf not created
/home/kmbandillo/baybayin_project/baybayin_dataset/tagalog_stylized/ts_words/baybayin_namin_words-1086.tif: lstmf not created
/home/kmbandillo/baybayin_project/baybayin_dataset/tagalog_stylized/ts_words/baybayin_namin_words-1090.tif: lstmf not created
/home/kmbandillo/baybayin_project/baybayin_dataset/tagalog_stylized/ts_words/baybayin_namin_words-1097.tif: lstmf not created
/home/kmbandillo/baybayin_project/baybayin_dataset/tagalog_stylized/ts_words/baybayin_namin_words-1112.tif: lstmf not created
/home/kmbandillo/baybayin_project/baybayin_dataset/tagalog_stylized/ts_words/baybayin_namin_words-1130.tif: lstmf not created
/home/kmbandillo/baybayin_project/baybayin_dataset/tagalog_stylized/ts_words/baybayin_namin_words-1185.tif: lstmf not created
/home/kmbandillo/baybayin_project/baybayin_dataset/tagalog_stylized/ts_words/baybayin_namin_words-1234.tif: lstmf not created
/home/kmbandillo/baybayin_project/baybayin_dataset/tagalog_stylized/ts_words/baybayin_namin_words-1259.tif: lstmf not created
/home/kmbandillo/baybayin_project/baybayin_dataset/tagalog_stylized/ts_words/baybayin_namin_words-1281.tif: lstmf not created
/home/kmbandillo/baybayin_project/baybayin_dataset/tagalog_stylized/ts_words/baybayin_namin_words-1298.tif: lstmf not created
/home/kmbandillo/baybayin_project/baybayin_dataset/tagalog_stylized/ts_words/baybayin_namin_words-1323.tif: lstmf not created
/home/kmbandillo/baybayin_project/baybayin_dataset/tagalog_stylized/ts_words/baybayin_namin_words-1326.tif: lstmf not created
/home/kmbandillo/baybayin_project/baybayin_dataset/tagalog_stylized/ts_words/baybayin_namin_words-1343.tif: lstmf not created
/home/kmbandillo/baybayin_project/baybayin_dataset/tagalog_stylized/ts_words/baybayin_namin_words-1382.tif: lstmf not created
/home/kmbandillo/baybayin_project/baybayin_dataset/tagalog_stylized/ts_words/baybayin_namin_words-1381.tif: lstmf not created
/home/kmbandillo/baybayin_project/baybayin_dataset/tagalog_stylized/ts_words/baybayin_namin_words-1385.tif: lstmf not created
/home/kmbandillo/baybayin_project/baybayin_dataset/tagalog_stylized/ts_words/baybayin_namin_words-1407.tif: lstmf not created
/home/kmbandillo/baybayin_project/baybayin_dataset/tagalog_stylized/ts_words/baybayin_namin_words-1426.tif: lstmf not created
/home/kmbandillo/baybayin_project/baybayin_dataset/tagalog_stylized/ts_words/baybayin_namin_words-1442.tif: lstmf not created
/home/kmbandillo/baybayin_project/baybayin_dataset/tagalog_stylized/ts_words/baybayin_namin_words-1443.tif: lstmf not created
/home/kmbandillo/baybayin_project/baybayin_dataset/tagalog_stylized/ts_words/baybayin_namin_words-1448.tif: lstmf not created
/home/kmbandillo/baybayin_project/baybayin_dataset/tagalog_stylized/ts_words/baybayin_namin_words-1452.tif: lstmf not created
/home/kmbandillo/baybayin_project/baybayin_dataset/tagalog_stylized/ts_words/baybayin_namin_words-1479.tif: lstmf not created
/home/kmbandillo/baybayin_project/baybayin_dataset/tagalog_stylized/ts_words/baybayin_namin_words-1488.tif: lstmf not created
/home/kmbandillo/baybayin_project/baybayin_dataset/tagalog_stylized/ts_words/baybayin_namin_words-1541.tif: lstmf not created
/home/kmbandillo/baybayin_project/baybayin_dataset/tagalog_stylized/ts_words/baybayin_namin_words-1550.tif: lstmf not created
/home/kmbandillo/baybayin_project/baybayin_dataset/tagalog_stylized/ts_words/baybayin_namin_words-1552.tif: lstmf not created
/home/kmbandillo/baybayin_project/baybayin_dataset/tagalog_stylized/ts_words/baybayin_namin_words-1575.tif: lstmf not created
/home/kmbandillo/baybayin_project/baybayin_dataset/tagalog_stylized/ts_words/baybayin_namin_words-1582.tif: lstmf not created
/home/kmbandillo/baybayin_project/baybayin_dataset/tagalog_stylized/ts_words/baybayin_namin_words-1595.tif: lstmf not created
/home/kmbandillo/baybayin_project/baybayin_dataset/tagalog_stylized/ts_words/baybayin_namin_words-1636.tif: lstmf not created
/home/kmbandillo/baybayin_project/baybayin_dataset/tagalog_stylized/ts_words/baybayin_namin_words-1656.tif: lstmf not created
/home/kmbandillo/baybayin_project/baybayin_dataset/tagalog_stylized/ts_words/baybayin_namin_words-1655.tif: lstmf not created
/home/kmbandillo/baybayin_project/baybayin_dataset/tagalog_stylized/ts_words/baybayin_namin_words-1659.tif: lstmf not created
/home/kmbandillo/baybayin_project/baybayin_dataset/tagalog_stylized/ts_words/baybayin_namin_words-1662.tif: lstmf not created
/home/kmbandillo/baybayin_project/baybayin_dataset/tagalog_stylized/ts_words/baybayin_namin_words-1676.tif: lstmf not created
/home/kmbandillo/baybayin_project/baybayin_dataset/tagalog_stylized/ts_words/baybayin_namin_words-1696.tif: lstmf not created
/home/kmbandillo/baybayin_project/baybayin_dataset/tagalog_stylized/ts_words/baybayin_namin_words-1702.tif: lstmf not created
/home/kmbandillo/baybayin_project/baybayin_dataset/tagalog_stylized/ts_words/baybayin_namin_words-1715.tif: lstmf not created
/home/kmbandillo/baybayin_project/baybayin_dataset/tagalog_stylized/ts_words/baybayin_namin_words-1743.tif: lstmf not created
/home/kmbandillo/baybayin_project/baybayin_dataset/tagalog_stylized/ts_words/baybayin_namin_words-1759.tif: lstmf not created
/home/kmbandillo/baybayin_project/baybayin_dataset/tagalog_stylized/ts_words/baybayin_namin_words-1782.tif: lstmf not created
/home/kmbandillo/baybayin_project/baybayin_dataset/tagalog_stylized/ts_words/baybayin_namin_words-1784.tif: lstmf not created
/home/kmbandillo/baybayin_project/baybayin_dataset/tagalog_stylized/ts_words/baybayin_namin_words-1820.tif: lstmf not created
/home/kmbandillo/baybayin_project/baybayin_dataset/tagalog_stylized/ts_words/baybayin_namin_words-1905.tif: lstmf not created
/home/kmbandillo/baybayin_project/baybayin_dataset/tagalog_stylized/ts_words/baybayin_namin_words-1908.tif: lstmf not created
/home/kmbandillo/baybayin_project/baybayin_dataset/tagalog_stylized/ts_words/baybayin_namin_words-1923.tif: lstmf not created
/home/kmbandillo/baybayin_project/baybayin_dataset/tagalog_stylized/ts_words/baybayin_namin_words-1939.tif: lstmf not created
/home/kmbandillo/baybayin_project/baybayin_dataset/tagalog_stylized/ts_words/baybayin_namin_words-1943.tif: lstmf not created
/home/kmbandillo/baybayin_project/baybayin_dataset/tagalog_stylized/ts_words/baybayin_namin_words-1946.tif: lstmf not created
/home/kmbandillo/baybayin_project/baybayin_dataset/tagalog_stylized/ts_words/baybayin_namin_words-1984.tif: lstmf not created
/home/kmbandillo/baybayin_project/baybayin_dataset/tagalog_stylized/ts_words/baybayin_namin_words-1987.tif: lstmf not created
/home/kmbandillo/baybayin_project/baybayin_dataset/tagalog_stylized/ts_words/baybayin_namin_words-2002.tif: lstmf not created
/home/kmbandillo/baybayin_project/baybayin_dataset/tagalog_stylized/ts_words/baybayin_namin_words-2018.tif: lstmf not created
/home/kmbandillo/baybayin_project/baybayin_dataset/tagalog_stylized/ts_words/baybayin_namin_words-2043.tif: lstmf not created
/home/kmbandillo/baybayin_project/baybayin_dataset/tagalog_stylized/ts_words/baybayin_namin_words-2068.tif: lstmf not created
/home/kmbandillo/baybayin_project/baybayin_dataset/tagalog_stylized/ts_words/baybayin_namin_words-2069.tif: lstmf not created
/home/kmbandillo/baybayin_project/baybayin_dataset/tagalog_stylized/ts_words/baybayin_namin_words-2084.tif: lstmf not created
/home/kmbandillo/baybayin_project/baybayin_dataset/tagalog_stylized/ts_words/baybayin_namin_words-2125.tif: lstmf not created
/home/kmbandillo/baybayin_project/baybayin_dataset/tagalog_stylized/ts_words/baybayin_namin_words-2141.tif: lstmf not created
/home/kmbandillo/baybayin_project/baybayin_dataset/tagalog_stylized/ts_words/baybayin_namin_words-2142.tif: lstmf not created
/home/kmbandillo/baybayin_project/baybayin_dataset/tagalog_stylized/ts_words/baybayin_namin_words-2148.tif: lstmf not created
/home/kmbandillo/baybayin_project/baybayin_dataset/tagalog_stylized/ts_words/baybayin_namin_words-2317.tif: lstmf not created
/home/kmbandillo/baybayin_project/baybayin_dataset/tagalog_stylized/ts_words/baybayin_namin_words-2345.tif: lstmf not created
/home/kmbandillo/baybayin_project/baybayin_dataset/tagalog_stylized/ts_words/baybayin_namin_words-2386.tif: lstmf not created
/home/kmbandillo/baybayin_project/baybayin_dataset/tagalog_stylized/ts_words/baybayin_namin_words-2395.tif: lstmf not created
/home/kmbandillo/baybayin_project/baybayin_dataset/tagalog_stylized/ts_words/baybayin_namin_words-2408.tif: lstmf not created
/home/kmbandillo/baybayin_project/baybayin_dataset/tagalog_stylized/ts_words/baybayin_namin_words-2413.tif: lstmf not created
/home/kmbandillo/baybayin_project/baybayin_dataset/tagalog_stylized/ts_words/baybayin_namin_words-2435.tif: lstmf not created
/home/kmbandillo/baybayin_project/baybayin_dataset/tagalog_stylized/ts_words/baybayin_namin_words-2453.tif: lstmf not created
/home/kmbandillo/baybayin_project/baybayin_dataset/tagalog_stylized/ts_words/baybayin_namin_words-2465.tif: lstmf not created
/home/kmbandillo/baybayin_project/baybayin_dataset/tagalog_stylized/ts_words/baybayin_namin_words-2477.tif: lstmf not created
/home/kmbandillo/baybayin_project/baybayin_dataset/tagalog_stylized/ts_words/baybayin_namin_words-2492.tif: lstmf not created
/home/kmbandillo/baybayin_project/baybayin_dataset/tagalog_stylized/ts_words/baybayin_namin_words-2509.tif: lstmf not created
/home/kmbandillo/baybayin_project/baybayin_dataset/tagalog_stylized/ts_words/baybayin_namin_words-2511.tif: lstmf not created
/home/kmbandillo/baybayin_project/baybayin_dataset/tagalog_stylized/ts_words/baybayin_namin_words-2512.tif: lstmf not created
/home/kmbandillo/baybayin_project/baybayin_dataset/tagalog_stylized/ts_words/baybayin_namin_words-2518.tif: lstmf not created
/home/kmbandillo/baybayin_project/baybayin_dataset/tagalog_stylized/ts_words/baybayin_namin_words-2562.tif: lstmf not created
/home/kmbandillo/baybayin_project/baybayin_dataset/tagalog_stylized/ts_words/baybayin_namin_words-2586.tif: lstmf not created
/home/kmbandillo/baybayin_project/baybayin_dataset/tagalog_stylized/ts_words/baybayin_namin_words-2589.tif: lstmf not created
/home/kmbandillo/baybayin_project/baybayin_dataset/tagalog_stylized/ts_words/baybayin_namin_words-2595.tif: lstmf not created
/home/kmbandillo/baybayin_project/baybayin_dataset/tagalog_stylized/ts_words/baybayin_namin_words-2613.tif: lstmf not created
/home/kmbandillo/baybayin_project/baybayin_dataset/tagalog_stylized/ts_words/baybayin_namin_words-2626.tif: lstmf not created
/home/kmbandillo/baybayin_project/baybayin_dataset/tagalog_stylized/ts_words/baybayin_namin_words-2625.tif: lstmf not created
/home/kmbandillo/baybayin_project/baybayin_dataset/tagalog_stylized/ts_words/baybayin_namin_words-2632.tif: lstmf not created
/home/kmbandillo/baybayin_project/baybayin_dataset/tagalog_stylized/ts_words/baybayin_namin_words-2666.tif: lstmf not created
/home/kmbandillo/baybayin_project/baybayin_dataset/tagalog_stylized/ts_words/baybayin_namin_words-2669.tif: lstmf not created
/home/kmbandillo/baybayin_project/baybayin_dataset/tagalog_stylized/ts_words/baybayin_namin_words-2687.tif: lstmf not created
/home/kmbandillo/baybayin_project/baybayin_dataset/tagalog_stylized/ts_words/baybayin_namin_words-2733.tif: lstmf not created
/home/kmbandillo/baybayin_project/baybayin_dataset/tagalog_stylized/ts_words/baybayin_namin_words-2751.tif: lstmf not created
/home/kmbandillo/baybayin_project/baybayin_dataset/tagalog_stylized/ts_words/baybayin_namin_words-2757.tif: lstmf not created
/home/kmbandillo/baybayin_project/baybayin_dataset/tagalog_stylized/ts_words/baybayin_namin_words-2773.tif: lstmf not created
/home/kmbandillo/baybayin_project/baybayin_dataset/tagalog_stylized/ts_words/baybayin_namin_words-2785.tif: lstmf not created
/home/kmbandillo/baybayin_project/baybayin_dataset/tagalog_stylized/ts_words/baybayin_namin_words-2794.tif: lstmf not created
/home/kmbandillo/baybayin_project/baybayin_dataset/tagalog_stylized/ts_words/baybayin_namin_words-2805.tif: lstmf not created
/home/kmbandillo/baybayin_project/baybayin_dataset/tagalog_stylized/ts_words/baybayin_namin_words-2830.tif: lstmf not created
/home/kmbandillo/baybayin_project/baybayin_dataset/tagalog_stylized/ts_words/baybayin_namin_words-2840.tif: lstmf not created
/home/kmbandillo/baybayin_project/baybayin_dataset/tagalog_stylized/ts_words/baybayin_namin_words-2850.tif: lstmf not created
/home/kmbandillo/baybayin_project/baybayin_dataset/tagalog_stylized/ts_words/baybayin_namin_words-2869.tif: lstmf not created
/home/kmbandillo/baybayin_project/baybayin_dataset/tagalog_stylized/ts_words/baybayin_namin_words-2872.tif: lstmf not created
/home/kmbandillo/baybayin_project/baybayin_dataset/tagalog_stylized/ts_words/baybayin_namin_words-2875.tif: lstmf not created
/home/kmbandillo/baybayin_project/baybayin_dataset/tagalog_stylized/ts_words/baybayin_namin_words-2906.tif: lstmf not created
/home/kmbandillo/baybayin_project/baybayin_dataset/tagalog_stylized/ts_words/baybayin_namin_words-2908.tif: lstmf not created
/home/kmbandillo/baybayin_project/baybayin_dataset/tagalog_stylized/ts_words/baybayin_namin_words-2909.tif: lstmf not created
/home/kmbandillo/baybayin_project/baybayin_dataset/tagalog_stylized/ts_words/baybayin_namin_words-2929.tif: lstmf not created
/home/kmbandillo/baybayin_project/baybayin_dataset/tagalog_stylized/ts_words/baybayin_namin_words-2938.tif: lstmf not created
/home/kmbandillo/baybayin_project/baybayin_dataset/tagalog_stylized/ts_words/baybayin_namin_words-2977.tif: lstmf not created
