/home/kmbandillo/baybayin_project/__pycache__/WORDS/preprocessed_hw_words/Amihang.png: Tesseract did not produce /home/kmbandillo/baybayin_project/__pycache__/WORDS/preprocessed_hw_words/Amihang.lstmf
/home/kmbandillo/baybayin_project/__pycache__/WORDS/preprocessed_hw_words/Asa.png: Tesseract did not produce /home/kmbandillo/baybayin_project/__pycache__/WORDS/preprocessed_hw_words/Asa.lstmf
/home/kmbandillo/baybayin_project/__pycache__/WORDS/preprocessed_hw_words/Ayos.png: Tesseract did not produce /home/kmbandillo/baybayin_project/__pycache__/WORDS/preprocessed_hw_words/Ayos.lstmf
/home/kmbandillo/baybayin_project/__pycache__/WORDS/preprocessed_hw_words/Bagabag.png: Tesseract did not produce /home/kmbandillo/baybayin_project/__pycache__/WORDS/preprocessed_hw_words/Bagabag.lstmf
/home/kmbandillo/baybayin_project/__pycache__/WORDS/preprocessed_hw_words/Baka.png: Tesseract did not produce /home/kmbandillo/baybayin_project/__pycache__/WORDS/preprocessed_hw_words/Baka.lstmf
/home/kmbandillo/baybayin_project/__pycache__/WORDS/preprocessed_hw_words/Balik.png: Tesseract did not produce /home/kmbandillo/baybayin_project/__pycache__/WORDS/preprocessed_hw_words/Balik.lstmf
/home/kmbandillo/baybayin_project/__pycache__/WORDS/preprocessed_hw_words/Bawat.png: Tesseract did not produce /home/kmbandillo/baybayin_project/__pycache__/WORDS/preprocessed_hw_words/Bawat.lstmf
/home/kmbandillo/baybayin_project/__pycache__/WORDS/preprocessed_hw_words/Bibitaw.png: Tesseract did not produce /home/kmbandillo/baybayin_project/__pycache__/WORDS/preprocessed_hw_words/Bibitaw.lstmf
/home/kmbandillo/baybayin_project/__pycache__/WORDS/preprocessed_hw_words/Bihag.png: Tesseract did not produce /home/kmbandillo/baybayin_project/__pycache__/WORDS/preprocessed_hw_words/Bihag.lstmf
/home/kmbandillo/baybayin_project/__pycache__/WORDS/preprocessed_hw_words/Binata.png: Tesseract did not produce /home/kmbandillo/baybayin_project/__pycache__/WORDS/preprocessed_hw_words/Binata.lstmf
/home/kmbandillo/baybayin_project/__pycache__/WORDS/preprocessed_hw_words/Braso.png: Tesseract did not produce /home/kmbandillo/baybayin_project/__pycache__/WORDS/preprocessed_hw_words/Braso.lstmf
/home/kmbandillo/baybayin_project/__pycache__/WORDS/preprocessed_hw_words/Bulong.png: Tesseract did not produce /home/kmbandillo/baybayin_project/__pycache__/WORDS/preprocessed_hw_words/Bulong.lstmf
/home/kmbandillo/baybayin_project/__pycache__/WORDS/preprocessed_hw_words/Butil.png: Tesseract did not produce /home/kmbandillo/baybayin_project/__pycache__/WORDS/preprocessed_hw_words/Butil.lstmf
/home/kmbandillo/baybayin_project/__pycache__/WORDS/preprocessed_hw_words/Dahil.png: Tesseract did not produce /home/kmbandillo/baybayin_project/__pycache__/WORDS/preprocessed_hw_words/Dahil.lstmf
/home/kmbandillo/baybayin_project/__pycache__/WORDS/preprocessed_hw_words/Dako.png: Tesseract did not produce /home/kmbandillo/baybayin_project/__pycache__/WORDS/preprocessed_hw_words/Dako.lstmf
/home/kmbandillo/baybayin_project/__pycache__/WORDS/preprocessed_hw_words/Dakong.png: Tesseract did not produce /home/kmbandillo/baybayin_project/__pycache__/WORDS/preprocessed_hw_words/Dakong.lstmf
/home/kmbandillo/baybayin_project/__pycache__/WORDS/preprocessed_hw_words/Dalawa.png: Tesseract did not produce /home/kmbandillo/baybayin_project/__pycache__/WORDS/preprocessed_hw_words/Dalawa.lstmf
/home/kmbandillo/baybayin_project/__pycache__/WORDS/preprocessed_hw_words/Dangal.png: Tesseract did not produce /home/kmbandillo/baybayin_project/__pycache__/WORDS/preprocessed_hw_words/Dangal.lstmf
/home/kmbandillo/baybayin_project/__pycache__/WORDS/preprocessed_hw_words/Digma.png: Tesseract did not produce /home/kmbandillo/baybayin_project/__pycache__/WORDS/preprocessed_hw_words/Digma.lstmf
/home/kmbandillo/baybayin_project/__pycache__/WORDS/preprocessed_hw_words/Dinig.png: Tesseract did not produce /home/kmbandillo/baybayin_project/__pycache__/WORDS/preprocessed_hw_words/Dinig.lstmf
/home/kmbandillo/baybayin_project/__pycache__/WORDS/preprocessed_hw_words/Diretso.png: Tesseract did not produce /home/kmbandillo/baybayin_project/__pycache__/WORDS/preprocessed_hw_words/Diretso.lstmf
/home/kmbandillo/baybayin_project/__pycache__/WORDS/preprocessed_hw_words/Diringgin.png: Tesseract did not produce /home/kmbandillo/baybayin_project/__pycache__/WORDS/preprocessed_hw_words/Diringgin.lstmf
/home/kmbandillo/baybayin_project/__pycache__/WORDS/preprocessed_hw_words/Dito.png: Tesseract did not produce /home/kmbandillo/baybayin_project/__pycache__/WORDS/preprocessed_hw_words/Dito.lstmf
/home/kmbandillo/baybayin_project/__pycache__/WORDS/preprocessed_hw_words/Dulo.png: Tesseract did not produce /home/kmbandillo/baybayin_project/__pycache__/WORDS/preprocessed_hw_words/Dulo.lstmf
/home/kmbandillo/baybayin_project/__pycache__/WORDS/preprocessed_hw_words/Gamot.png: Tesseract did not produce /home/kmbandillo/baybayin_project/__pycache__/WORDS/preprocessed_hw_words/Gamot.lstmf
/home/kmbandillo/baybayin_project/__pycache__/WORDS/preprocessed_hw_words/Ganda.png: Tesseract did not produce /home/kmbandillo/baybayin_project/__pycache__/WORDS/preprocessed_hw_words/Ganda.lstmf
/home/kmbandillo/baybayin_project/__pycache__/WORDS/preprocessed_hw_words/Ganito.png: Tesseract did not produce /home/kmbandillo/baybayin_project/__pycache__/WORDS/preprocessed_hw_words/Ganito.lstmf
/home/kmbandillo/baybayin_project/__pycache__/WORDS/preprocessed_hw_words/Gansa.png: Tesseract did not produce /home/kmbandillo/baybayin_project/__pycache__/WORDS/preprocessed_hw_words/Gansa.lstmf
/home/kmbandillo/baybayin_project/__pycache__/WORDS/preprocessed_hw_words/Gaptol.png: Tesseract did not produce /home/kmbandillo/baybayin_project/__pycache__/WORDS/preprocessed_hw_words/Gaptol.lstmf
/home/kmbandillo/baybayin_project/__pycache__/WORDS/preprocessed_hw_words/Giliw.png: Tesseract did not produce /home/kmbandillo/baybayin_project/__pycache__/WORDS/preprocessed_hw_words/Giliw.lstmf
/home/kmbandillo/baybayin_project/__pycache__/WORDS/preprocessed_hw_words/Ginoo.png: Tesseract did not produce /home/kmbandillo/baybayin_project/__pycache__/WORDS/preprocessed_hw_words/Ginoo.lstmf
/home/kmbandillo/baybayin_project/__pycache__/WORDS/preprocessed_hw_words/Gising.png: Tesseract did not produce /home/kmbandillo/baybayin_project/__pycache__/WORDS/preprocessed_hw_words/Gising.lstmf
/home/kmbandillo/baybayin_project/__pycache__/WORDS/preprocessed_hw_words/Gitna.png: Tesseract did not produce /home/kmbandillo/baybayin_project/__pycache__/WORDS/preprocessed_hw_words/Gitna.lstmf
/home/kmbandillo/baybayin_project/__pycache__/WORDS/preprocessed_hw_words/Gusto.png: Tesseract did not produce /home/kmbandillo/baybayin_project/__pycache__/WORDS/preprocessed_hw_words/Gusto.lstmf
/home/kmbandillo/baybayin_project/__pycache__/WORDS/preprocessed_hw_words/Habambuhay.png: Tesseract did not produce /home/kmbandillo/baybayin_project/__pycache__/WORDS/preprocessed_hw_words/Habambuhay.lstmf
/home/kmbandillo/baybayin_project/__pycache__/WORDS/preprocessed_hw_words/Halakhak.png: Tesseract did not produce /home/kmbandillo/baybayin_project/__pycache__/WORDS/preprocessed_hw_words/Halakhak.lstmf
/home/kmbandillo/baybayin_project/__pycache__/WORDS/preprocessed_hw_words/Hangad.png: Tesseract did not produce /home/kmbandillo/baybayin_project/__pycache__/WORDS/preprocessed_hw_words/Hangad.lstmf
/home/kmbandillo/baybayin_project/__pycache__/WORDS/preprocessed_hw_words/Hangal.png: Tesseract did not produce /home/kmbandillo/baybayin_project/__pycache__/WORDS/preprocessed_hw_words/Hangal.lstmf
/home/kmbandillo/baybayin_project/__pycache__/WORDS/preprocessed_hw_words/Hanggang.png: Tesseract did not produce /home/kmbandillo/baybayin_project/__pycache__/WORDS/preprocessed_hw_words/Hanggang.lstmf
/home/kmbandillo/baybayin_project/__pycache__/WORDS/preprocessed_hw_words/Harap.png: Tesseract did not produce /home/kmbandillo/baybayin_project/__pycache__/WORDS/preprocessed_hw_words/Harap.lstmf
/home/kmbandillo/baybayin_project/__pycache__/WORDS/preprocessed_hw_words/Hawak.png: Tesseract did not produce /home/kmbandillo/baybayin_project/__pycache__/WORDS/preprocessed_hw_words/Hawak.lstmf
/home/kmbandillo/baybayin_project/__pycache__/WORDS/preprocessed_hw_words/Hiling.png: Tesseract did not produce /home/kmbandillo/baybayin_project/__pycache__/WORDS/preprocessed_hw_words/Hiling.lstmf
/home/kmbandillo/baybayin_project/__pycache__/WORDS/preprocessed_hw_words/Hiniling.png: Tesseract did not produce /home/kmbandillo/baybayin_project/__pycache__/WORDS/preprocessed_hw_words/Hiniling.lstmf
/home/kmbandillo/baybayin_project/__pycache__/WORDS/preprocessed_hw_words/Hininga.png: Tesseract did not produce /home/kmbandillo/baybayin_project/__pycache__/WORDS/preprocessed_hw_words/Hininga.lstmf
/home/kmbandillo/baybayin_project/__pycache__/WORDS/preprocessed_hw_words/Hintay.png: Tesseract did not produce /home/kmbandillo/baybayin_project/__pycache__/WORDS/preprocessed_hw_words/Hintay.lstmf
/home/kmbandillo/baybayin_project/__pycache__/WORDS/preprocessed_hw_words/Hirap.png: Tesseract did not produce /home/kmbandillo/baybayin_project/__pycache__/WORDS/preprocessed_hw_words/Hirap.lstmf
/home/kmbandillo/baybayin_project/__pycache__/WORDS/preprocessed_hw_words/Hugot.png: Tesseract did not produce /home/kmbandillo/baybayin_project/__pycache__/WORDS/preprocessed_hw_words/Hugot.lstmf
/home/kmbandillo/baybayin_project/__pycache__/WORDS/preprocessed_hw_words/Huli.png: Tesseract did not produce /home/kmbandillo/baybayin_project/__pycache__/WORDS/preprocessed_hw_words/Huli.lstmf
/home/kmbandillo/baybayin_project/__pycache__/WORDS/preprocessed_hw_words/Hupa.png: Tesseract did not produce /home/kmbandillo/baybayin_project/__pycache__/WORDS/preprocessed_hw_words/Hupa.lstmf
/home/kmbandillo/baybayin_project/__pycache__/WORDS/preprocessed_hw_words/Ihaharap.png: Tesseract did not produce /home/kmbandillo/baybayin_project/__pycache__/WORDS/preprocessed_hw_words/Ihaharap.lstmf
/home/kmbandillo/baybayin_project/__pycache__/WORDS/preprocessed_hw_words/Ilag.png: Tesseract did not produce /home/kmbandillo/baybayin_project/__pycache__/WORDS/preprocessed_hw_words/Ilag.lstmf
/home/kmbandillo/baybayin_project/__pycache__/WORDS/preprocessed_hw_words/Inaasahan.png: Tesseract did not produce /home/kmbandillo/baybayin_project/__pycache__/WORDS/preprocessed_hw_words/Inaasahan.lstmf
/home/kmbandillo/baybayin_project/__pycache__/WORDS/preprocessed_hw_words/Inihahandog.png: Tesseract did not produce /home/kmbandillo/baybayin_project/__pycache__/WORDS/preprocessed_hw_words/Inihahandog.lstmf
/home/kmbandillo/baybayin_project/__pycache__/WORDS/preprocessed_hw_words/Iniiwan.png: Tesseract did not produce /home/kmbandillo/baybayin_project/__pycache__/WORDS/preprocessed_hw_words/Iniiwan.lstmf
/home/kmbandillo/baybayin_project/__pycache__/WORDS/preprocessed_hw_words/Init.png: Tesseract did not produce /home/kmbandillo/baybayin_project/__pycache__/WORDS/preprocessed_hw_words/Init.lstmf
/home/kmbandillo/baybayin_project/__pycache__/WORDS/preprocessed_hw_words/Ipalaganap.png: Tesseract did not produce /home/kmbandillo/baybayin_project/__pycache__/WORDS/preprocessed_hw_words/Ipalaganap.lstmf
/home/kmbandillo/baybayin_project/__pycache__/WORDS/preprocessed_hw_words/Isip.png: Tesseract did not produce /home/kmbandillo/baybayin_project/__pycache__/WORDS/preprocessed_hw_words/Isip.lstmf
/home/kmbandillo/baybayin_project/__pycache__/WORDS/preprocessed_hw_words/Iwasan.png: Tesseract did not produce /home/kmbandillo/baybayin_project/__pycache__/WORDS/preprocessed_hw_words/Iwasan.lstmf
/home/kmbandillo/baybayin_project/__pycache__/WORDS/preprocessed_hw_words/Iyo.png: Tesseract did not produce /home/kmbandillo/baybayin_project/__pycache__/WORDS/preprocessed_hw_words/Iyo.lstmf
/home/kmbandillo/baybayin_project/__pycache__/WORDS/preprocessed_hw_words/Kahit.png: Tesseract did not produce /home/kmbandillo/baybayin_project/__pycache__/WORDS/preprocessed_hw_words/Kahit.lstmf
/home/kmbandillo/baybayin_project/__pycache__/WORDS/preprocessed_hw_words/Kailan.png: Tesseract did not produce /home/kmbandillo/baybayin_project/__pycache__/WORDS/preprocessed_hw_words/Kailan.lstmf
/home/kmbandillo/baybayin_project/__pycache__/WORDS/preprocessed_hw_words/Kakalma.png: Tesseract did not produce /home/kmbandillo/baybayin_project/__pycache__/WORDS/preprocessed_hw_words/Kakalma.lstmf
/home/kmbandillo/baybayin_project/__pycache__/WORDS/preprocessed_hw_words/Kakanan.png: Tesseract did not produce /home/kmbandillo/baybayin_project/__pycache__/WORDS/preprocessed_hw_words/Kakanan.lstmf
/home/kmbandillo/baybayin_project/__pycache__/WORDS/preprocessed_hw_words/Kalas.png: Tesseract did not produce /home/kmbandillo/baybayin_project/__pycache__/WORDS/preprocessed_hw_words/Kalas.lstmf
/home/kmbandillo/baybayin_project/__pycache__/WORDS/preprocessed_hw_words/Kalooban.png: Tesseract did not produce /home/kmbandillo/baybayin_project/__pycache__/WORDS/preprocessed_hw_words/Kalooban.lstmf
/home/kmbandillo/baybayin_project/__pycache__/WORDS/preprocessed_hw_words/Kapal.png: Tesseract did not produce /home/kmbandillo/baybayin_project/__pycache__/WORDS/preprocessed_hw_words/Kapal.lstmf
/home/kmbandillo/baybayin_project/__pycache__/WORDS/preprocessed_hw_words/Kapara.png: Tesseract did not produce /home/kmbandillo/baybayin_project/__pycache__/WORDS/preprocessed_hw_words/Kapara.lstmf
/home/kmbandillo/baybayin_project/__pycache__/WORDS/preprocessed_hw_words/Kapiling.png: Tesseract did not produce /home/kmbandillo/baybayin_project/__pycache__/WORDS/preprocessed_hw_words/Kapiling.lstmf
/home/kmbandillo/baybayin_project/__pycache__/WORDS/preprocessed_hw_words/Karapatang.png: Tesseract did not produce /home/kmbandillo/baybayin_project/__pycache__/WORDS/preprocessed_hw_words/Karapatang.lstmf
/home/kmbandillo/baybayin_project/__pycache__/WORDS/preprocessed_hw_words/Kasabwat.png: Tesseract did not produce /home/kmbandillo/baybayin_project/__pycache__/WORDS/preprocessed_hw_words/Kasabwat.lstmf
/home/kmbandillo/baybayin_project/__pycache__/WORDS/preprocessed_hw_words/Kasamahan.png: Tesseract did not produce /home/kmbandillo/baybayin_project/__pycache__/WORDS/preprocessed_hw_words/Kasamahan.lstmf
/home/kmbandillo/baybayin_project/__pycache__/WORDS/preprocessed_hw_words/Kawal.png: Tesseract did not produce /home/kmbandillo/baybayin_project/__pycache__/WORDS/preprocessed_hw_words/Kawal.lstmf
/home/kmbandillo/baybayin_project/__pycache__/WORDS/preprocessed_hw_words/Kilala.png: Tesseract did not produce /home/kmbandillo/baybayin_project/__pycache__/WORDS/preprocessed_hw_words/Kilala.lstmf
/home/kmbandillo/baybayin_project/__pycache__/WORDS/preprocessed_hw_words/Kinikita.png: Tesseract did not produce /home/kmbandillo/baybayin_project/__pycache__/WORDS/preprocessed_hw_words/Kinikita.lstmf
/home/kmbandillo/baybayin_project/__pycache__/WORDS/preprocessed_hw_words/Kintal.png: Tesseract did not produce /home/kmbandillo/baybayin_project/__pycache__/WORDS/preprocessed_hw_words/Kintal.lstmf
/home/kmbandillo/baybayin_project/__pycache__/WORDS/preprocessed_hw_words/Kumpas.png: Tesseract did not produce /home/kmbandillo/baybayin_project/__pycache__/WORDS/preprocessed_hw_words/Kumpas.lstmf
/home/kmbandillo/baybayin_project/__pycache__/WORDS/preprocessed_hw_words/Kusang.png: Tesseract did not produce /home/kmbandillo/baybayin_project/__pycache__/WORDS/preprocessed_hw_words/Kusang.lstmf
/home/kmbandillo/baybayin_project/__pycache__/WORDS/preprocessed_hw_words/Kuwento.png: Tesseract did not produce /home/kmbandillo/baybayin_project/__pycache__/WORDS/preprocessed_hw_words/Kuwento.lstmf
/home/kmbandillo/baybayin_project/__pycache__/WORDS/preprocessed_hw_words/Lahat.png: Tesseract did not produce /home/kmbandillo/baybayin_project/__pycache__/WORDS/preprocessed_hw_words/Lahat.lstmf
/home/kmbandillo/baybayin_project/__pycache__/WORDS/preprocessed_hw_words/Laki.png: Tesseract did not produce /home/kmbandillo/baybayin_project/__pycache__/WORDS/preprocessed_hw_words/Laki.lstmf
/home/kmbandillo/baybayin_project/__pycache__/WORDS/preprocessed_hw_words/Lalong.png: Tesseract did not produce /home/kmbandillo/baybayin_project/__pycache__/WORDS/preprocessed_hw_words/Lalong.lstmf
/home/kmbandillo/baybayin_project/__pycache__/WORDS/preprocessed_hw_words/Langit.png: Tesseract did not produce /home/kmbandillo/baybayin_project/__pycache__/WORDS/preprocessed_hw_words/Langit.lstmf
/home/kmbandillo/baybayin_project/__pycache__/WORDS/preprocessed_hw_words/Ligaw.png: Tesseract did not produce /home/kmbandillo/baybayin_project/__pycache__/WORDS/preprocessed_hw_words/Ligaw.lstmf
/home/kmbandillo/baybayin_project/__pycache__/WORDS/preprocessed_hw_words/Lindol.png: Tesseract did not produce /home/kmbandillo/baybayin_project/__pycache__/WORDS/preprocessed_hw_words/Lindol.lstmf
/home/kmbandillo/baybayin_project/__pycache__/WORDS/preprocessed_hw_words/Lugar.png: Tesseract did not produce /home/kmbandillo/baybayin_project/__pycache__/WORDS/preprocessed_hw_words/Lugar.lstmf
/home/kmbandillo/baybayin_project/__pycache__/WORDS/preprocessed_hw_words/Luha.png: Tesseract did not produce /home/kmbandillo/baybayin_project/__pycache__/WORDS/preprocessed_hw_words/Luha.lstmf
/home/kmbandillo/baybayin_project/__pycache__/WORDS/preprocessed_hw_words/Madalas.png: Tesseract did not produce /home/kmbandillo/baybayin_project/__pycache__/WORDS/preprocessed_hw_words/Madalas.lstmf
/home/kmbandillo/baybayin_project/__pycache__/WORDS/preprocessed_hw_words/Magkano.png: Tesseract did not produce /home/kmbandillo/baybayin_project/__pycache__/WORDS/preprocessed_hw_words/Magkano.lstmf
/home/kmbandillo/baybayin_project/__pycache__/WORDS/preprocessed_hw_words/Magpaalam.png: Tesseract did not produce /home/kmbandillo/baybayin_project/__pycache__/WORDS/preprocessed_hw_words/Magpaalam.lstmf
/home/kmbandillo/baybayin_project/__pycache__/WORDS/preprocessed_hw_words/Magtagumpay.png: Tesseract did not produce /home/kmbandillo/baybayin_project/__pycache__/WORDS/preprocessed_hw_words/Magtagumpay.lstmf
/home/kmbandillo/baybayin_project/__pycache__/WORDS/preprocessed_hw_words/Mahabagin.png: Tesseract did not produce /home/kmbandillo/baybayin_project/__pycache__/WORDS/preprocessed_hw_words/Mahabagin.lstmf
/home/kmbandillo/baybayin_project/__pycache__/WORDS/preprocessed_hw_words/Mahika.png: Tesseract did not produce /home/kmbandillo/baybayin_project/__pycache__/WORDS/preprocessed_hw_words/Mahika.lstmf
/home/kmbandillo/baybayin_project/__pycache__/WORDS/preprocessed_hw_words/Mahina.png: Tesseract did not produce /home/kmbandillo/baybayin_project/__pycache__/WORDS/preprocessed_hw_words/Mahina.lstmf
/home/kmbandillo/baybayin_project/__pycache__/WORDS/preprocessed_hw_words/Mahinahon.png: Tesseract did not produce /home/kmbandillo/baybayin_project/__pycache__/WORDS/preprocessed_hw_words/Mahinahon.lstmf
/home/kmbandillo/baybayin_project/__pycache__/WORDS/preprocessed_hw_words/Malaki.png: Tesseract did not produce /home/kmbandillo/baybayin_project/__pycache__/WORDS/preprocessed_hw_words/Malaki.lstmf
/home/kmbandillo/baybayin_project/__pycache__/WORDS/preprocessed_hw_words/Malaking.png: Tesseract did not produce /home/kmbandillo/baybayin_project/__pycache__/WORDS/preprocessed_hw_words/Malaking.lstmf
/home/kmbandillo/baybayin_project/__pycache__/WORDS/preprocessed_hw_words/Maliw.png: Tesseract did not produce /home/kmbandillo/baybayin_project/__pycache__/WORDS/preprocessed_hw_words/Maliw.lstmf
/home/kmbandillo/baybayin_project/__pycache__/WORDS/preprocessed_hw_words/May.png: Tesseract did not produce /home/kmbandillo/baybayin_project/__pycache__/WORDS/preprocessed_hw_words/May.lstmf
/home/kmbandillo/baybayin_project/__pycache__/WORDS/preprocessed_hw_words/Maykapal.png: Tesseract did not produce /home/kmbandillo/baybayin_project/__pycache__/WORDS/preprocessed_hw_words/Maykapal.lstmf
/home/kmbandillo/baybayin_project/__pycache__/WORDS/preprocessed_hw_words/Minsan.png: Tesseract did not produce /home/kmbandillo/baybayin_project/__pycache__/WORDS/preprocessed_hw_words/Minsan.lstmf
/home/kmbandillo/baybayin_project/__pycache__/WORDS/preprocessed_hw_words/Mong.png: Tesseract did not produce /home/kmbandillo/baybayin_project/__pycache__/WORDS/preprocessed_hw_words/Mong.lstmf
/home/kmbandillo/baybayin_project/__pycache__/WORDS/preprocessed_hw_words/Mula.png: Tesseract did not produce /home/kmbandillo/baybayin_project/__pycache__/WORDS/preprocessed_hw_words/Mula.lstmf
/home/kmbandillo/baybayin_project/__pycache__/WORDS/preprocessed_hw_words/Muling.png: Tesseract did not produce /home/kmbandillo/baybayin_project/__pycache__/WORDS/preprocessed_hw_words/Muling.lstmf
/home/kmbandillo/baybayin_project/__pycache__/WORDS/preprocessed_hw_words/Munang.png: Tesseract did not produce /home/kmbandillo/baybayin_project/__pycache__/WORDS/preprocessed_hw_words/Munang.lstmf
/home/kmbandillo/baybayin_project/__pycache__/WORDS/preprocessed_hw_words/Museyo.png: Tesseract did not produce /home/kmbandillo/baybayin_project/__pycache__/WORDS/preprocessed_hw_words/Museyo.lstmf
/home/kmbandillo/baybayin_project/__pycache__/WORDS/preprocessed_hw_words/Musika.png: Tesseract did not produce /home/kmbandillo/baybayin_project/__pycache__/WORDS/preprocessed_hw_words/Musika.lstmf
/home/kmbandillo/baybayin_project/__pycache__/WORDS/preprocessed_hw_words/Mutya.png: Tesseract did not produce /home/kmbandillo/baybayin_project/__pycache__/WORDS/preprocessed_hw_words/Mutya.lstmf
/home/kmbandillo/baybayin_project/__pycache__/WORDS/preprocessed_hw_words/Nagniningning.png: Tesseract did not produce /home/kmbandillo/baybayin_project/__pycache__/WORDS/preprocessed_hw_words/Nagniningning.lstmf
/home/kmbandillo/baybayin_project/__pycache__/WORDS/preprocessed_hw_words/Nagsimula.png: Tesseract did not produce /home/kmbandillo/baybayin_project/__pycache__/WORDS/preprocessed_hw_words/Nagsimula.lstmf
/home/kmbandillo/baybayin_project/__pycache__/WORDS/preprocessed_hw_words/Nais.png: Tesseract did not produce /home/kmbandillo/baybayin_project/__pycache__/WORDS/preprocessed_hw_words/Nais.lstmf
/home/kmbandillo/baybayin_project/__pycache__/WORDS/preprocessed_hw_words/Nakahuli.png: Tesseract did not produce /home/kmbandillo/baybayin_project/__pycache__/WORDS/preprocessed_hw_words/Nakahuli.lstmf
/home/kmbandillo/baybayin_project/__pycache__/WORDS/preprocessed_hw_words/Nakangiti.png: Tesseract did not produce /home/kmbandillo/baybayin_project/__pycache__/WORDS/preprocessed_hw_words/Nakangiti.lstmf
/home/kmbandillo/baybayin_project/__pycache__/WORDS/preprocessed_hw_words/Nasa.png: Tesseract did not produce /home/kmbandillo/baybayin_project/__pycache__/WORDS/preprocessed_hw_words/Nasa.lstmf
/home/kmbandillo/baybayin_project/__pycache__/WORDS/preprocessed_hw_words/Ngayon.png: Tesseract did not produce /home/kmbandillo/baybayin_project/__pycache__/WORDS/preprocessed_hw_words/Ngayon.lstmf
/home/kmbandillo/baybayin_project/__pycache__/WORDS/preprocessed_hw_words/Niyakap.png: Tesseract did not produce /home/kmbandillo/baybayin_project/__pycache__/WORDS/preprocessed_hw_words/Niyakap.lstmf
/home/kmbandillo/baybayin_project/__pycache__/WORDS/preprocessed_hw_words/Pagkakapatiran.png: Tesseract did not produce /home/kmbandillo/baybayin_project/__pycache__/WORDS/preprocessed_hw_words/Pagkakapatiran.lstmf
/home/kmbandillo/baybayin_project/__pycache__/WORDS/preprocessed_hw_words/Pagkalas.png: Tesseract did not produce /home/kmbandillo/baybayin_project/__pycache__/WORDS/preprocessed_hw_words/Pagkalas.lstmf
/home/kmbandillo/baybayin_project/__pycache__/WORDS/preprocessed_hw_words/Pahayag.png: Tesseract did not produce /home/kmbandillo/baybayin_project/__pycache__/WORDS/preprocessed_hw_words/Pahayag.lstmf
/home/kmbandillo/baybayin_project/__pycache__/WORDS/preprocessed_hw_words/Panata.png: Tesseract did not produce /home/kmbandillo/baybayin_project/__pycache__/WORDS/preprocessed_hw_words/Panata.lstmf
/home/kmbandillo/baybayin_project/__pycache__/WORDS/preprocessed_hw_words/Pangakong.png: Tesseract did not produce /home/kmbandillo/baybayin_project/__pycache__/WORDS/preprocessed_hw_words/Pangakong.lstmf
/home/kmbandillo/baybayin_project/__pycache__/WORDS/preprocessed_hw_words/Panig.png: Tesseract did not produce /home/kmbandillo/baybayin_project/__pycache__/WORDS/preprocessed_hw_words/Panig.lstmf
/home/kmbandillo/baybayin_project/__pycache__/WORDS/preprocessed_hw_words/Patawad.png: Tesseract did not produce /home/kmbandillo/baybayin_project/__pycache__/WORDS/preprocessed_hw_words/Patawad.lstmf
/home/kmbandillo/baybayin_project/__pycache__/WORDS/preprocessed_hw_words/Patunay.png: Tesseract did not produce /home/kmbandillo/baybayin_project/__pycache__/WORDS/preprocessed_hw_words/Patunay.lstmf
/home/kmbandillo/baybayin_project/__pycache__/WORDS/preprocessed_hw_words/Pili.png: Tesseract did not produce /home/kmbandillo/baybayin_project/__pycache__/WORDS/preprocessed_hw_words/Pili.lstmf
/home/kmbandillo/baybayin_project/__pycache__/WORDS/preprocessed_hw_words/Piling.png: Tesseract did not produce /home/kmbandillo/baybayin_project/__pycache__/WORDS/preprocessed_hw_words/Piling.lstmf
/home/kmbandillo/baybayin_project/__pycache__/WORDS/preprocessed_hw_words/Pinagmamalaki.png: Tesseract did not produce /home/kmbandillo/baybayin_project/__pycache__/WORDS/preprocessed_hw_words/Pinagmamalaki.lstmf
/home/kmbandillo/baybayin_project/__pycache__/WORDS/preprocessed_hw_words/Pinakahuli.png: Tesseract did not produce /home/kmbandillo/baybayin_project/__pycache__/WORDS/preprocessed_hw_words/Pinakahuli.lstmf
/home/kmbandillo/baybayin_project/__pycache__/WORDS/preprocessed_hw_words/Pinakahuling.png: Tesseract did not produce /home/kmbandillo/baybayin_project/__pycache__/WORDS/preprocessed_hw_words/Pinakahuling.lstmf
/home/kmbandillo/baybayin_project/__pycache__/WORDS/preprocessed_hw_words/Remedyo.png: Tesseract did not produce /home/kmbandillo/baybayin_project/__pycache__/WORDS/preprocessed_hw_words/Remedyo.lstmf
/home/kmbandillo/baybayin_project/__pycache__/WORDS/preprocessed_hw_words/Sa.png: Tesseract did not produce /home/kmbandillo/baybayin_project/__pycache__/WORDS/preprocessed_hw_words/Sa.lstmf
/home/kmbandillo/baybayin_project/__pycache__/WORDS/preprocessed_hw_words/Sagot.png: Tesseract did not produce /home/kmbandillo/baybayin_project/__pycache__/WORDS/preprocessed_hw_words/Sagot.lstmf
/home/kmbandillo/baybayin_project/__pycache__/WORDS/preprocessed_hw_words/Sakaling.png: Tesseract did not produce /home/kmbandillo/baybayin_project/__pycache__/WORDS/preprocessed_hw_words/Sakaling.lstmf
/home/kmbandillo/baybayin_project/__pycache__/WORDS/preprocessed_hw_words/Saksi.png: Tesseract did not produce /home/kmbandillo/baybayin_project/__pycache__/WORDS/preprocessed_hw_words/Saksi.lstmf
/home/kmbandillo/baybayin_project/__pycache__/WORDS/preprocessed_hw_words/Sasagutin.png: Tesseract did not produce /home/kmbandillo/baybayin_project/__pycache__/WORDS/preprocessed_hw_words/Sasagutin.lstmf
/home/kmbandillo/baybayin_project/__pycache__/WORDS/preprocessed_hw_words/Sibat.png: Tesseract did not produce /home/kmbandillo/baybayin_project/__pycache__/WORDS/preprocessed_hw_words/Sibat.lstmf
/home/kmbandillo/baybayin_project/__pycache__/WORDS/preprocessed_hw_words/Sigaw.png: Tesseract did not produce /home/kmbandillo/baybayin_project/__pycache__/WORDS/preprocessed_hw_words/Sigaw.lstmf
/home/kmbandillo/baybayin_project/__pycache__/WORDS/preprocessed_hw_words/Sikat.png: Tesseract did not produce /home/kmbandillo/baybayin_project/__pycache__/WORDS/preprocessed_hw_words/Sikat.lstmf
/home/kmbandillo/baybayin_project/__pycache__/WORDS/preprocessed_hw_words/Simula.png: Tesseract did not produce /home/kmbandillo/baybayin_project/__pycache__/WORDS/preprocessed_hw_words/Simula.lstmf
/home/kmbandillo/baybayin_project/__pycache__/WORDS/preprocessed_hw_words/Sumablay.png: Tesseract did not produce /home/kmbandillo/baybayin_project/__pycache__/WORDS/preprocessed_hw_words/Sumablay.lstmf
/home/kmbandillo/baybayin_project/__pycache__/WORDS/preprocessed_hw_words/Sumuko.png: Tesseract did not produce /home/kmbandillo/baybayin_project/__pycache__/WORDS/preprocessed_hw_words/Sumuko.lstmf
/home/kmbandillo/baybayin_project/__pycache__/WORDS/preprocessed_hw_words/Susunod.png: Tesseract did not produce /home/kmbandillo/baybayin_project/__pycache__/WORDS/preprocessed_hw_words/Susunod.lstmf
/home/kmbandillo/baybayin_project/__pycache__/WORDS/preprocessed_hw_words/Tagumpay.png: Tesseract did not produce /home/kmbandillo/baybayin_project/__pycache__/WORDS/preprocessed_hw_words/Tagumpay.lstmf
/home/kmbandillo/baybayin_project/__pycache__/WORDS/preprocessed_hw_words/Tangkilikin.png: Tesseract did not produce /home/kmbandillo/baybayin_project/__pycache__/WORDS/preprocessed_hw_words/Tangkilikin.lstmf
/home/kmbandillo/baybayin_project/__pycache__/WORDS/preprocessed_hw_words/Tapat.png: Tesseract did not produce /home/kmbandillo/baybayin_project/__pycache__/WORDS/preprocessed_hw_words/Tapat.lstmf
/home/kmbandillo/baybayin_project/__pycache__/WORDS/preprocessed_hw_words/Tatangkilikin.png: Tesseract did not produce /home/kmbandillo/baybayin_project/__pycache__/WORDS/preprocessed_hw_words/Tatangkilikin.lstmf
/home/kmbandillo/baybayin_project/__pycache__/WORDS/preprocessed_hw_words/Tikas.png: Tesseract did not produce /home/kmbandillo/baybayin_project/__pycache__/WORDS/preprocessed_hw_words/Tikas.lstmf
/home/kmbandillo/baybayin_project/__pycache__/WORDS/preprocessed_hw_words/Tili.png: Tesseract did not produce /home/kmbandillo/baybayin_project/__pycache__/WORDS/preprocessed_hw_words/Tili.lstmf
/home/kmbandillo/baybayin_project/__pycache__/WORDS/preprocessed_hw_words/Tipon.png: Tesseract did not produce /home/kmbandillo/baybayin_project/__pycache__/WORDS/preprocessed_hw_words/Tipon.lstmf
/home/kmbandillo/baybayin_project/__pycache__/WORDS/preprocessed_hw_words/Tita.png: Tesseract did not produce /home/kmbandillo/baybayin_project/__pycache__/WORDS/preprocessed_hw_words/Tita.lstmf
/home/kmbandillo/baybayin_project/__pycache__/WORDS/preprocessed_hw_words/Tito.png: Tesseract did not produce /home/kmbandillo/baybayin_project/__pycache__/WORDS/preprocessed_hw_words/Tito.lstmf
/home/kmbandillo/baybayin_project/__pycache__/WORDS/preprocessed_hw_words/Tulad.png: Tesseract did not produce /home/kmbandillo/baybayin_project/__pycache__/WORDS/preprocessed_hw_words/Tulad.lstmf
/home/kmbandillo/baybayin_project/__pycache__/WORDS/preprocessed_hw_words/Tuldok.png: Tesseract did not produce /home/kmbandillo/baybayin_project/__pycache__/WORDS/preprocessed_hw_words/Tuldok.lstmf
/home/kmbandillo/baybayin_project/__pycache__/WORDS/preprocessed_hw_words/Tulo.png: Tesseract did not produce /home/kmbandillo/baybayin_project/__pycache__/WORDS/preprocessed_hw_words/Tulo.lstmf
/home/kmbandillo/baybayin_project/__pycache__/WORDS/preprocessed_hw_words/Tuwing.png: Tesseract did not produce /home/kmbandillo/baybayin_project/__pycache__/WORDS/preprocessed_hw_words/Tuwing.lstmf
/home/kmbandillo/baybayin_project/__pycache__/WORDS/preprocessed_hw_words/Wakawak.png: Tesseract did not produce /home/kmbandillo/baybayin_project/__pycache__/WORDS/preprocessed_hw_words/Wakawak.lstmf
/home/kmbandillo/baybayin_project/__pycache__/WORDS/preprocessed_hw_words/Wikang.png: Tesseract did not produce /home/kmbandillo/baybayin_project/__pycache__/WORDS/preprocessed_hw_words/Wikang.lstmf
